{"meta": {"format": 3, "version": "7.16.0", "timestamp": "2026-09-10T03:12:48.366646", "branch_coverage": false, "show_contexts": false}, "files": {"src\\photographiq\\__init__.py": {"executed_lines": [3, 4, 5, 18, 19, 20, 21, 22, 23, 24, 26, 27], "summary": {"covered_lines": 12, "num_statements": 12, "percent_covered": 100.0, "percent_covered_display": "100", "missing_lines": 0, "excluded_lines": 0, "percent_statements_covered": 100.0, "percent_statements_covered_display": "100"}, "missing_lines": [], "excluded_lines": [], "functions": {"": {"executed_lines": [3, 4, 5, 18, 19, 20, 21, 22, 23, 24, 26, 27], "summary": {"covered_lines": 12, "num_statements": 12, "percent_covered": 100.0, "percent_covered_display": "100", "missing_lines": 0, "excluded_lines": 0, "percent_statements_covered": 100.0, "percent_statements_covered_display": "100"}, "missing_lines": [], "excluded_lines": [], "start_line": 1}}, "classes": {"": {"executed_lines": [3, 4, 5, 18, 19, 20, 21, 22, 23, 24, 26, 27], "summary": {"covered_lines": 12, "num_statements": 12, "percent_covered": 100.0, "percent_covered_display": "100", "missing_lines": 0, "excluded_lines": 0, "percent_statements_covered": 100.0, "percent_statements_covered_display": "100"}, "missing_lines": [], "excluded_lines": [], "start_line": 1}}}, "src\\photographiq\\analysis.py": {"executed_lines": [7, 9, 11, 13, 25, 26, 27, 28, 31, 32, 33, 34, 35, 36, 37, 39, 40, 42, 49, 51, 52, 53, 55, 56, 57, 58, 59, 60, 61, 62, 64, 65, 66, 67, 69, 71, 73, 74, 75, 76, 77, 78, 80, 81, 82, 84, 86, 87, 88, 89, 90, 93, 94, 99, 100, 101, 102, 103, 105, 106, 107, 108, 109, 110, 111, 112, 113, 114, 115, 116, 117, 118, 121, 122, 123, 124, 125, 126, 128, 129, 130, 131, 132, 135, 136, 137, 139, 150, 152, 153, 154, 155], "summary": {"covered_lines": 92, "num_statements": 114, "percent_covered": 80.70175438596492, "percent_covered_display": "81", "missing_lines": 22, "excluded_lines": 0, "percent_statements_covered": 80.70175438596492, "percent_statements_covered_display": "81"}, "missing_lines": [41, 72, 79, 83, 85, 91, 92, 95, 104, 119, 120, 127, 138, 140, 141, 142, 143, 144, 145, 146, 149, 151], "excluded_lines": [], "functions": {"GaussianChannel.apply": {"executed_lines": [40, 42], "summary": {"covered_lines": 2, "num_statements": 3, "percent_covered": 66.66666666666667, "percent_covered_display": "67", "missing_lines": 1, "excluded_lines": 0, "percent_statements_covered": 66.66666666666667, "percent_statements_covered_display": "67"}, "missing_lines": [41], "excluded_lines": [], "start_line": 39}, "gaussian_channel": {"executed_lines": [51, 52, 53, 55, 56, 57, 58, 59, 60, 61, 62, 64, 69, 99, 100, 101, 102, 103, 105, 106, 107, 108, 109, 110, 111, 112, 113, 114, 115, 116, 117, 118, 121, 122, 123, 124, 125, 126, 128, 129, 130, 131, 132, 135, 136, 137, 139, 150, 152, 153, 154, 155], "summary": {"covered_lines": 52, "num_statements": 66, "percent_covered": 78.78787878787878, "percent_covered_display": "79", "missing_lines": 14, "excluded_lines": 0, "percent_statements_covered": 78.78787878787878, "percent_statements_covered_display": "79"}, "missing_lines": [104, 119, 120, 127, 138, 140, 141, 142, 143, 144, 145, 146, 149, 151], "excluded_lines": [], "start_line": 49}, "gaussian_channel.scalar": {"executed_lines": [65, 66, 67], "summary": {"covered_lines": 3, "num_statements": 3, "percent_covered": 100.0, "percent_covered_display": "100", "missing_lines": 0, "excluded_lines": 0, "percent_statements_covered": 100.0, "percent_statements_covered_display": "100"}, "missing_lines": [], "excluded_lines": [], "start_line": 64}, "gaussian_channel.affine": {"executed_lines": [71, 73, 74, 75, 76, 77, 78, 80, 81, 82, 84, 86, 87, 88, 89, 90, 93, 94], "summary": {"covered_lines": 18, "num_statements": 25, "percent_covered": 72.0, "percent_covered_display": "72", "missing_lines": 7, "excluded_lines": 0, "percent_statements_covered": 72.0, "percent_statements_covered_display": "72"}, "missing_lines": [72, 79, 83, 85, 91, 92, 95], "excluded_lines": [], "start_line": 69}, "": {"executed_lines": [7, 9, 11, 13, 25, 26, 27, 28, 31, 32, 33, 34, 35, 36, 37, 39, 49], "summary": {"covered_lines": 17, "num_statements": 17, "percent_covered": 100.0, "percent_covered_display": "100", "missing_lines": 0, "excluded_lines": 0, "percent_statements_covered": 100.0, "percent_statements_covered_display": "100"}, "missing_lines": [], "excluded_lines": [], "start_line": 1}}, "classes": {"GaussianChannel": {"executed_lines": [40, 42], "summary": {"covered_lines": 2, "num_statements": 3, "percent_covered": 66.66666666666667, "percent_covered_display": "67", "missing_lines": 1, "excluded_lines": 0, "percent_statements_covered": 66.66666666666667, "percent_statements_covered_display": "67"}, "missing_lines": [41], "excluded_lines": [], "start_line": 32}, "": {"executed_lines": [7, 9, 11, 13, 25, 26, 27, 28, 31, 32, 33, 34, 35, 36, 37, 39, 49, 51, 52, 53, 55, 56, 57, 58, 59, 60, 61, 62, 64, 65, 66, 67, 69, 71, 73, 74, 75, 76, 77, 78, 80, 81, 82, 84, 86, 87, 88, 89, 90, 93, 94, 99, 100, 101, 102, 103, 105, 106, 107, 108, 109, 110, 111, 112, 113, 114, 115, 116, 117, 118, 121, 122, 123, 124, 125, 126, 128, 129, 130, 131, 132, 135, 136, 137, 139, 150, 152, 153, 154, 155], "summary": {"covered_lines": 90, "num_statements": 111, "percent_covered": 81.08108108108108, "percent_covered_display": "81", "missing_lines": 21, "excluded_lines": 0, "percent_statements_covered": 81.08108108108108, "percent_statements_covered_display": "81"}, "missing_lines": [72, 79, 83, 85, 91, 92, 95, 104, 119, 120, 127, 138, 140, 141, 142, 143, 144, 145, 146, 149, 151], "excluded_lines": [], "start_line": 1}}}, "src\\photographiq\\backends\\__init__.py": {"executed_lines": [1, 2, 3, 5], "summary": {"covered_lines": 4, "num_statements": 4, "percent_covered": 100.0, "percent_covered_display": "100", "missing_lines": 0, "excluded_lines": 0, "percent_statements_covered": 100.0, "percent_statements_covered_display": "100"}, "missing_lines": [], "excluded_lines": [], "functions": {"": {"executed_lines": [1, 2, 3, 5], "summary": {"covered_lines": 4, "num_statements": 4, "percent_covered": 100.0, "percent_covered_display": "100", "missing_lines": 0, "excluded_lines": 0, "percent_statements_covered": 100.0, "percent_statements_covered_display": "100"}, "missing_lines": [], "excluded_lines": [], "start_line": 1}}, "classes": {"": {"executed_lines": [1, 2, 3, 5], "summary": {"covered_lines": 4, "num_statements": 4, "percent_covered": 100.0, "percent_covered_display": "100", "missing_lines": 0, "excluded_lines": 0, "percent_statements_covered": 100.0, "percent_statements_covered_display": "100"}, "missing_lines": [], "excluded_lines": [], "start_line": 1}}}, "src\\photographiq\\backends\\base.py": {"executed_lines": [3, 6, 26, 29], "summary": {"covered_lines": 4, "num_statements": 6, "percent_covered": 66.66666666666667, "percent_covered_display": "67", "missing_lines": 2, "excluded_lines": 19, "percent_statements_covered": 66.66666666666667, "percent_statements_covered_display": "67"}, "missing_lines": [27, 30], "excluded_lines": [7, 8, 9, 10, 11, 12, 13, 14, 15, 16, 17, 18, 19, 20, 21, 22, 23, 24, 25], "functions": {"BaseBackend.reset": {"executed_lines": [], "summary": {"covered_lines": 0, "num_statements": 0, "percent_covered": 100.0, "percent_covered_display": "100", "missing_lines": 0, "excluded_lines": 1, "percent_statements_covered": 100.0, "percent_statements_covered_display": "100"}, "missing_lines": [], "excluded_lines": [8], "start_line": 8}, "BaseBackend.prepare": {"executed_lines": [], "summary": {"covered_lines": 0, "num_statements": 0, "percent_covered": 100.0, "percent_covered_display": "100", "missing_lines": 0, "excluded_lines": 1, "percent_statements_covered": 100.0, "percent_statements_covered_display": "100"}, "missing_lines": [], "excluded_lines": [10], "start_line": 10}, "BaseBackend.entangle": {"executed_lines": [], "summary": {"covered_lines": 0, "num_statements": 0, "percent_covered": 100.0, "percent_covered_display": "100", "missing_lines": 0, "excluded_lines": 1, "percent_statements_covered": 100.0, "percent_statements_covered_display": "100"}, "missing_lines": [], "excluded_lines": [12], "start_line": 12}, "BaseBackend.displace": {"executed_lines": [], "summary": {"covered_lines": 0, "num_statements": 0, "percent_covered": 100.0, "percent_covered_display": "100", "missing_lines": 0, "excluded_lines": 1, "percent_statements_covered": 100.0, "percent_statements_covered_display": "100"}, "missing_lines": [], "excluded_lines": [14], "start_line": 14}, "BaseBackend.rotate": {"executed_lines": [], "summary": {"covered_lines": 0, "num_statements": 0, "percent_covered": 100.0, "percent_covered_display": "100", "missing_lines": 0, "excluded_lines": 1, "percent_statements_covered": 100.0, "percent_statements_covered_display": "100"}, "missing_lines": [], "excluded_lines": [16], "start_line": 16}, "BaseBackend.squeeze": {"executed_lines": [], "summary": {"covered_lines": 0, "num_statements": 0, "percent_covered": 100.0, "percent_covered_display": "100", "missing_lines": 0, "excluded_lines": 1, "percent_statements_covered": 100.0, "percent_statements_covered_display": "100"}, "missing_lines": [], "excluded_lines": [18], "start_line": 18}, "BaseBackend.beamsplitter": {"executed_lines": [], "summary": {"covered_lines": 0, "num_statements": 0, "percent_covered": 100.0, "percent_covered_display": "100", "missing_lines": 0, "excluded_lines": 1, "percent_statements_covered": 100.0, "percent_statements_covered_display": "100"}, "missing_lines": [], "excluded_lines": [20], "start_line": 20}, "BaseBackend.measure": {"executed_lines": [], "summary": {"covered_lines": 0, "num_statements": 0, "percent_covered": 100.0, "percent_covered_display": "100", "missing_lines": 0, "excluded_lines": 1, "percent_statements_covered": 100.0, "percent_statements_covered_display": "100"}, "missing_lines": [], "excluded_lines": [22], "start_line": 22}, "BaseBackend.get_state": {"executed_lines": [], "summary": {"covered_lines": 0, "num_statements": 0, "percent_covered": 100.0, "percent_covered_display": "100", "missing_lines": 0, "excluded_lines": 1, "percent_statements_covered": 100.0, "percent_statements_covered_display": "100"}, "missing_lines": [], "excluded_lines": [24], "start_line": 24}, "BaseBackend.loss": {"executed_lines": [], "summary": {"covered_lines": 0, "num_statements": 1, "percent_covered": 0.0, "percent_covered_display": "0", "missing_lines": 1, "excluded_lines": 0, "percent_statements_covered": 0.0, "percent_statements_covered_display": "0"}, "missing_lines": [27], "excluded_lines": [], "start_line": 26}, "BaseBackend.cubic_phase": {"executed_lines": [], "summary": {"covered_lines": 0, "num_statements": 1, "percent_covered": 0.0, "percent_covered_display": "0", "missing_lines": 1, "excluded_lines": 0, "percent_statements_covered": 0.0, "percent_statements_covered_display": "0"}, "missing_lines": [30], "excluded_lines": [], "start_line": 29}, "": {"executed_lines": [3, 6, 26, 29], "summary": {"covered_lines": 4, "num_statements": 4, "percent_covered": 100.0, "percent_covered_display": "100", "missing_lines": 0, "excluded_lines": 10, "percent_statements_covered": 100.0, "percent_statements_covered_display": "100"}, "missing_lines": [], "excluded_lines": [7, 9, 11, 13, 15, 17, 19, 21, 23, 25], "start_line": 1}}, "classes": {"BaseBackend": {"executed_lines": [], "summary": {"covered_lines": 0, "num_statements": 2, "percent_covered": 0.0, "percent_covered_display": "0", "missing_lines": 2, "excluded_lines": 9, "percent_statements_covered": 0.0, "percent_statements_covered_display": "0"}, "missing_lines": [27, 30], "excluded_lines": [8, 10, 12, 14, 16, 18, 20, 22, 24], "start_line": 6}, "": {"executed_lines": [3, 6, 26, 29], "summary": {"covered_lines": 4, "num_statements": 4, "percent_covered": 100.0, "percent_covered_display": "100", "missing_lines": 0, "excluded_lines": 10, "percent_statements_covered": 100.0, "percent_statements_covered_display": "100"}, "missing_lines": [], "excluded_lines": [7, 9, 11, 13, 15, 17, 19, 21, 23, 25], "start_line": 1}}}, "src\\photographiq\\backends\\fock.py": {"executed_lines": [6, 8, 9, 11, 12, 14, 15, 16, 19, 20, 21, 22, 23, 25, 26, 27, 33, 34, 35, 37, 38, 39, 41, 42, 43, 51, 52, 53, 54, 55, 57, 58, 60, 61, 62, 63, 64, 66, 67, 69, 70, 71, 72, 73, 74, 75, 77, 78, 79, 80, 81, 82, 84, 85, 87, 89, 90, 92, 94, 96, 97, 98, 99, 113, 116, 117, 118, 124, 125, 127, 128, 130, 131, 132, 135, 137, 138, 139, 140, 142, 146, 149, 152, 153, 155, 156, 158, 159, 160, 163, 164, 165, 166, 167, 168, 169, 174, 175, 176, 178, 179, 180, 181, 182, 187], "summary": {"covered_lines": 105, "num_statements": 125, "percent_covered": 84.0, "percent_covered_display": "84", "missing_lines": 20, "excluded_lines": 0, "percent_statements_covered": 84.0, "percent_statements_covered_display": "84"}, "missing_lines": [56, 86, 88, 91, 95, 101, 102, 103, 106, 107, 108, 109, 110, 111, 112, 129, 143, 144, 147, 150], "excluded_lines": [], "functions": {"FockResultState.density_matrix": {"executed_lines": [27], "summary": {"covered_lines": 1, "num_statements": 1, "percent_covered": 100.0, "percent_covered_display": "100", "missing_lines": 0, "excluded_lines": 0, "percent_statements_covered": 100.0, "percent_statements_covered_display": "100"}, "missing_lines": [], "excluded_lines": [], "start_line": 26}, "FockResultState.probabilities": {"executed_lines": [35], "summary": {"covered_lines": 1, "num_statements": 1, "percent_covered": 100.0, "percent_covered_display": "100", "missing_lines": 0, "excluded_lines": 0, "percent_statements_covered": 100.0, "percent_statements_covered_display": "100"}, "missing_lines": [], "excluded_lines": [], "start_line": 34}, "FockResultState.photon_number": {"executed_lines": [38, 39], "summary": {"covered_lines": 2, "num_statements": 2, "percent_covered": 100.0, "percent_covered_display": "100", "missing_lines": 0, "excluded_lines": 0, "percent_statements_covered": 100.0, "percent_statements_covered_display": "100"}, "missing_lines": [], "excluded_lines": [], "start_line": 37}, "FockResultState.parity": {"executed_lines": [42, 43], "summary": {"covered_lines": 2, "num_statements": 2, "percent_covered": 100.0, "percent_covered_display": "100", "missing_lines": 0, "excluded_lines": 0, "percent_statements_covered": 100.0, "percent_statements_covered_display": "100"}, "missing_lines": [], "excluded_lines": [], "start_line": 41}, "PiquassoFockBackend.__init__": {"executed_lines": [53, 54, 55, 57, 58], "summary": {"covered_lines": 5, "num_statements": 6, "percent_covered": 83.33333333333333, "percent_covered_display": "83", "missing_lines": 1, "excluded_lines": 0, "percent_statements_covered": 83.33333333333333, "percent_statements_covered_display": "83"}, "missing_lines": [56], "excluded_lines": [], "start_line": 52}, "PiquassoFockBackend.reset": {"executed_lines": [61, 62, 63, 64], "summary": {"covered_lines": 4, "num_statements": 4, "percent_covered": 100.0, "percent_covered_display": "100", "missing_lines": 0, "excluded_lines": 0, "percent_statements_covered": 100.0, "percent_statements_covered_display": "100"}, "missing_lines": [], "excluded_lines": [], "start_line": 60}, "PiquassoFockBackend._config": {"executed_lines": [67], "summary": {"covered_lines": 1, "num_statements": 1, "percent_covered": 100.0, "percent_covered_display": "100", "missing_lines": 0, "excluded_lines": 0, "percent_statements_covered": 100.0, "percent_statements_covered_display": "100"}, "missing_lines": [], "excluded_lines": [], "start_line": 66}, "PiquassoFockBackend._check": {"executed_lines": [70, 71, 72, 73, 74, 75], "summary": {"covered_lines": 6, "num_statements": 6, "percent_covered": 100.0, "percent_covered_display": "100", "missing_lines": 0, "excluded_lines": 0, "percent_statements_covered": 100.0, "percent_statements_covered_display": "100"}, "missing_lines": [], "excluded_lines": [], "start_line": 69}, "PiquassoFockBackend._vector": {"executed_lines": [78, 79, 80, 81, 82], "summary": {"covered_lines": 5, "num_statements": 5, "percent_covered": 100.0, "percent_covered_display": "100", "missing_lines": 0, "excluded_lines": 0, "percent_statements_covered": 100.0, "percent_statements_covered_display": "100"}, "missing_lines": [], "excluded_lines": [], "start_line": 77}, "PiquassoFockBackend.prepare": {"executed_lines": [85, 87, 89, 90, 92, 94, 96, 97, 98, 99, 113, 116, 117, 118, 124, 125], "summary": {"covered_lines": 16, "num_statements": 30, "percent_covered": 53.333333333333336, "percent_covered_display": "53", "missing_lines": 14, "excluded_lines": 0, "percent_statements_covered": 53.333333333333336, "percent_statements_covered_display": "53"}, "missing_lines": [86, 88, 91, 95, 101, 102, 103, 106, 107, 108, 109, 110, 111, 112], "excluded_lines": [], "start_line": 84}, "PiquassoFockBackend._gate": {"executed_lines": [128, 130, 131, 132, 135], "summary": {"covered_lines": 5, "num_statements": 6, "percent_covered": 83.33333333333333, "percent_covered_display": "83", "missing_lines": 1, "excluded_lines": 0, "percent_statements_covered": 83.33333333333333, "percent_statements_covered_display": "83"}, "missing_lines": [129], "excluded_lines": [], "start_line": 127}, "PiquassoFockBackend.entangle": {"executed_lines": [138, 139, 140], "summary": {"covered_lines": 3, "num_statements": 3, "percent_covered": 100.0, "percent_covered_display": "100", "missing_lines": 0, "excluded_lines": 0, "percent_statements_covered": 100.0, "percent_statements_covered_display": "100"}, "missing_lines": [], "excluded_lines": [], "start_line": 137}, "PiquassoFockBackend.displace": {"executed_lines": [], "summary": {"covered_lines": 0, "num_statements": 2, "percent_covered": 0.0, "percent_covered_display": "0", "missing_lines": 2, "excluded_lines": 0, "percent_statements_covered": 0.0, "percent_statements_covered_display": "0"}, "missing_lines": [143, 144], "excluded_lines": [], "start_line": 142}, "PiquassoFockBackend.rotate": {"executed_lines": [], "summary": {"covered_lines": 0, "num_statements": 1, "percent_covered": 0.0, "percent_covered_display": "0", "missing_lines": 1, "excluded_lines": 0, "percent_statements_covered": 0.0, "percent_statements_covered_display": "0"}, "missing_lines": [147], "excluded_lines": [], "start_line": 146}, "PiquassoFockBackend.squeeze": {"executed_lines": [], "summary": {"covered_lines": 0, "num_statements": 1, "percent_covered": 0.0, "percent_covered_display": "0", "missing_lines": 1, "excluded_lines": 0, "percent_statements_covered": 0.0, "percent_statements_covered_display": "0"}, "missing_lines": [150], "excluded_lines": [], "start_line": 149}, "PiquassoFockBackend.beamsplitter": {"executed_lines": [153], "summary": {"covered_lines": 1, "num_statements": 1, "percent_covered": 100.0, "percent_covered_display": "100", "missing_lines": 0, "excluded_lines": 0, "percent_statements_covered": 100.0, "percent_statements_covered_display": "100"}, "missing_lines": [], "excluded_lines": [], "start_line": 152}, "PiquassoFockBackend.cubic_phase": {"executed_lines": [156], "summary": {"covered_lines": 1, "num_statements": 1, "percent_covered": 100.0, "percent_covered_display": "100", "missing_lines": 0, "excluded_lines": 0, "percent_statements_covered": 100.0, "percent_statements_covered_display": "100"}, "missing_lines": [], "excluded_lines": [], "start_line": 155}, "PiquassoFockBackend.measure": {"executed_lines": [159, 160, 163, 164, 165, 166, 167, 168, 169, 174, 175, 176], "summary": {"covered_lines": 12, "num_statements": 12, "percent_covered": 100.0, "percent_covered_display": "100", "missing_lines": 0, "excluded_lines": 0, "percent_statements_covered": 100.0, "percent_statements_covered_display": "100"}, "missing_lines": [], "excluded_lines": [], "start_line": 158}, "PiquassoFockBackend.get_state": {"executed_lines": [179, 180, 181, 182, 187], "summary": {"covered_lines": 5, "num_statements": 5, "percent_covered": 100.0, "percent_covered_display": "100", "missing_lines": 0, "excluded_lines": 0, "percent_statements_covered": 100.0, "percent_statements_covered_display": "100"}, "missing_lines": [], "excluded_lines": [], "start_line": 178}, "": {"executed_lines": [6, 8, 9, 11, 12, 14, 15, 16, 19, 20, 21, 22, 23, 25, 26, 33, 34, 37, 41, 51, 52, 60, 66, 69, 77, 84, 127, 137, 142, 146, 149, 152, 155, 158, 178], "summary": {"covered_lines": 35, "num_statements": 35, "percent_covered": 100.0, "percent_covered_display": "100", "missing_lines": 0, "excluded_lines": 0, "percent_statements_covered": 100.0, "percent_statements_covered_display": "100"}, "missing_lines": [], "excluded_lines": [], "start_line": 1}}, "classes": {"FockResultState": {"executed_lines": [27, 35, 38, 39, 42, 43], "summary": {"covered_lines": 6, "num_statements": 6, "percent_covered": 100.0, "percent_covered_display": "100", "missing_lines": 0, "excluded_lines": 0, "percent_statements_covered": 100.0, "percent_statements_covered_display": "100"}, "missing_lines": [], "excluded_lines": [], "start_line": 20}, "PiquassoFockBackend": {"executed_lines": [53, 54, 55, 57, 58, 61, 62, 63, 64, 67, 70, 71, 72, 73, 74, 75, 78, 79, 80, 81, 82, 85, 87, 89, 90, 92, 94, 96, 97, 98, 99, 113, 116, 117, 118, 124, 125, 128, 130, 131, 132, 135, 138, 139, 140, 153, 156, 159, 160, 163, 164, 165, 166, 167, 168, 169, 174, 175, 176, 179, 180, 181, 182, 187], "summary": {"covered_lines": 64, "num_statements": 84, "percent_covered": 76.19047619047619, "percent_covered_display": "76", "missing_lines": 20, "excluded_lines": 0, "percent_statements_covered": 76.19047619047619, "percent_statements_covered_display": "76"}, "missing_lines": [56, 86, 88, 91, 95, 101, 102, 103, 106, 107, 108, 109, 110, 111, 112, 129, 143, 144, 147, 150], "excluded_lines": [], "start_line": 51}, "": {"executed_lines": [6, 8, 9, 11, 12, 14, 15, 16, 19, 20, 21, 22, 23, 25, 26, 33, 34, 37, 41, 51, 52, 60, 66, 69, 77, 84, 127, 137, 142, 146, 149, 152, 155, 158, 178], "summary": {"covered_lines": 35, "num_statements": 35, "percent_covered": 100.0, "percent_covered_display": "100", "missing_lines": 0, "excluded_lines": 0, "percent_statements_covered": 100.0, "percent_statements_covered_display": "100"}, "missing_lines": [], "excluded_lines": [], "start_line": 1}}}, "src\\photographiq\\backends\\gaussian.py": {"executed_lines": [3, 5, 6, 8, 9, 10, 11, 14, 15, 16, 18, 19, 20, 22, 23, 25, 27, 28, 29, 31, 32, 37, 41, 42, 44, 45, 47, 52, 53, 57, 58, 62, 63, 65, 66, 68, 69, 71, 72, 74, 75, 77, 78, 80, 81, 82, 83, 84, 85, 86, 87, 89, 90, 92, 97, 99, 100, 101, 102, 103, 104, 105, 110, 111, 112, 113, 114, 115, 117, 120, 123, 125, 126, 128, 129, 130, 131, 132, 135, 139, 140], "summary": {"covered_lines": 81, "num_statements": 89, "percent_covered": 91.01123595505618, "percent_covered_display": "91", "missing_lines": 8, "excluded_lines": 0, "percent_statements_covered": 91.01123595505618, "percent_statements_covered_display": "91"}, "missing_lines": [24, 26, 30, 46, 56, 76, 98, 127], "excluded_lines": [], "functions": {"GaussianBackend.__init__": {"executed_lines": [16], "summary": {"covered_lines": 1, "num_statements": 1, "percent_covered": 100.0, "percent_covered_display": "100", "missing_lines": 0, "excluded_lines": 0, "percent_statements_covered": 100.0, "percent_statements_covered_display": "100"}, "missing_lines": [], "excluded_lines": [], "start_line": 15}, "GaussianBackend.reset": {"executed_lines": [19, 20], "summary": {"covered_lines": 2, "num_statements": 2, "percent_covered": 100.0, "percent_covered_display": "100", "missing_lines": 0, "excluded_lines": 0, "percent_statements_covered": 100.0, "percent_statements_covered_display": "100"}, "missing_lines": [], "excluded_lines": [], "start_line": 18}, "GaussianBackend.prepare": {"executed_lines": [23, 25, 27, 28, 29, 31, 32, 37], "summary": {"covered_lines": 8, "num_statements": 11, "percent_covered": 72.72727272727273, "percent_covered_display": "73", "missing_lines": 3, "excluded_lines": 0, "percent_statements_covered": 72.72727272727273, "percent_statements_covered_display": "73"}, "missing_lines": [24, 26, 30], "excluded_lines": [], "start_line": 22}, "GaussianBackend.set_state": {"executed_lines": [42], "summary": {"covered_lines": 1, "num_statements": 1, "percent_covered": 100.0, "percent_covered_display": "100", "missing_lines": 0, "excluded_lines": 0, "percent_statements_covered": 100.0, "percent_statements_covered_display": "100"}, "missing_lines": [], "excluded_lines": [], "start_line": 41}, "GaussianBackend.transform": {"executed_lines": [45, 47, 52, 53, 57, 58], "summary": {"covered_lines": 6, "num_statements": 8, "percent_covered": 75.0, "percent_covered_display": "75", "missing_lines": 2, "excluded_lines": 0, "percent_statements_covered": 75.0, "percent_statements_covered_display": "75"}, "missing_lines": [46, 56], "excluded_lines": [], "start_line": 44}, "GaussianBackend.entangle": {"executed_lines": [63], "summary": {"covered_lines": 1, "num_statements": 1, "percent_covered": 100.0, "percent_covered_display": "100", "missing_lines": 0, "excluded_lines": 0, "percent_statements_covered": 100.0, "percent_statements_covered_display": "100"}, "missing_lines": [], "excluded_lines": [], "start_line": 62}, "GaussianBackend.rotate": {"executed_lines": [66], "summary": {"covered_lines": 1, "num_statements": 1, "percent_covered": 100.0, "percent_covered_display": "100", "missing_lines": 0, "excluded_lines": 0, "percent_statements_covered": 100.0, "percent_statements_covered_display": "100"}, "missing_lines": [], "excluded_lines": [], "start_line": 65}, "GaussianBackend.squeeze": {"executed_lines": [69], "summary": {"covered_lines": 1, "num_statements": 1, "percent_covered": 100.0, "percent_covered_display": "100", "missing_lines": 0, "excluded_lines": 0, "percent_statements_covered": 100.0, "percent_statements_covered_display": "100"}, "missing_lines": [], "excluded_lines": [], "start_line": 68}, "GaussianBackend.beamsplitter": {"executed_lines": [72], "summary": {"covered_lines": 1, "num_statements": 1, "percent_covered": 100.0, "percent_covered_display": "100", "missing_lines": 0, "excluded_lines": 0, "percent_statements_covered": 100.0, "percent_statements_covered_display": "100"}, "missing_lines": [], "excluded_lines": [], "start_line": 71}, "GaussianBackend.displace": {"executed_lines": [75, 77, 78], "summary": {"covered_lines": 3, "num_statements": 4, "percent_covered": 75.0, "percent_covered_display": "75", "missing_lines": 1, "excluded_lines": 0, "percent_statements_covered": 75.0, "percent_statements_covered_display": "75"}, "missing_lines": [76], "excluded_lines": [], "start_line": 74}, "GaussianBackend.measure": {"executed_lines": [81, 82, 83, 84, 85, 86, 87, 89, 90, 92, 97, 99, 100, 101, 102, 103, 104, 105, 110, 111, 112, 113, 114, 115, 117, 120, 123], "summary": {"covered_lines": 27, "num_statements": 28, "percent_covered": 96.42857142857143, "percent_covered_display": "96", "missing_lines": 1, "excluded_lines": 0, "percent_statements_covered": 96.42857142857143, "percent_statements_covered_display": "96"}, "missing_lines": [98], "excluded_lines": [], "start_line": 80}, "GaussianBackend.loss": {"executed_lines": [126, 128, 129, 130, 131, 132, 135], "summary": {"covered_lines": 7, "num_statements": 8, "percent_covered": 87.5, "percent_covered_display": "88", "missing_lines": 1, "excluded_lines": 0, "percent_statements_covered": 87.5, "percent_statements_covered_display": "88"}, "missing_lines": [127], "excluded_lines": [], "start_line": 125}, "GaussianBackend.get_state": {"executed_lines": [140], "summary": {"covered_lines": 1, "num_statements": 1, "percent_covered": 100.0, "percent_covered_display": "100", "missing_lines": 0, "excluded_lines": 0, "percent_statements_covered": 100.0, "percent_statements_covered_display": "100"}, "missing_lines": [], "excluded_lines": [], "start_line": 139}, "": {"executed_lines": [3, 5, 6, 8, 9, 10, 11, 14, 15, 18, 22, 41, 44, 62, 65, 68, 71, 74, 80, 125, 139], "summary": {"covered_lines": 21, "num_statements": 21, "percent_covered": 100.0, "percent_covered_display": "100", "missing_lines": 0, "excluded_lines": 0, "percent_statements_covered": 100.0, "percent_statements_covered_display": "100"}, "missing_lines": [], "excluded_lines": [], "start_line": 1}}, "classes": {"GaussianBackend": {"executed_lines": [16, 19, 20, 23, 25, 27, 28, 29, 31, 32, 37, 42, 45, 47, 52, 53, 57, 58, 63, 66, 69, 72, 75, 77, 78, 81, 82, 83, 84, 85, 86, 87, 89, 90, 92, 97, 99, 100, 101, 102, 103, 104, 105, 110, 111, 112, 113, 114, 115, 117, 120, 123, 126, 128, 129, 130, 131, 132, 135, 140], "summary": {"covered_lines": 60, "num_statements": 68, "percent_covered": 88.23529411764706, "percent_covered_display": "88", "missing_lines": 8, "excluded_lines": 0, "percent_statements_covered": 88.23529411764706, "percent_statements_covered_display": "88"}, "missing_lines": [24, 26, 30, 46, 56, 76, 98, 127], "excluded_lines": [], "start_line": 14}, "": {"executed_lines": [3, 5, 6, 8, 9, 10, 11, 14, 15, 18, 22, 41, 44, 62, 65, 68, 71, 74, 80, 125, 139], "summary": {"covered_lines": 21, "num_statements": 21, "percent_covered": 100.0, "percent_covered_display": "100", "missing_lines": 0, "excluded_lines": 0, "percent_statements_covered": 100.0, "percent_statements_covered_display": "100"}, "missing_lines": [], "excluded_lines": [], "start_line": 1}}}, "src\\photographiq\\backends\\piquasso.py": {"executed_lines": [6, 8, 9, 11, 12, 15, 16, 17, 20, 21, 22, 24, 25, 27, 28, 29, 30, 35, 39, 40, 42, 43, 44, 46, 47, 49, 50, 51, 53, 54, 56, 57, 59, 60, 62, 63, 65, 72, 74, 76, 78, 86], "summary": {"covered_lines": 42, "num_statements": 48, "percent_covered": 87.5, "percent_covered_display": "88", "missing_lines": 6, "excluded_lines": 0, "percent_statements_covered": 87.5, "percent_statements_covered_display": "88"}, "missing_lines": [26, 41, 64, 75, 77, 87], "excluded_lines": [], "functions": {"PiquassoBackend._native": {"executed_lines": [17, 20, 21, 22], "summary": {"covered_lines": 4, "num_statements": 4, "percent_covered": 100.0, "percent_covered_display": "100", "missing_lines": 0, "excluded_lines": 0, "percent_statements_covered": 100.0, "percent_statements_covered_display": "100"}, "missing_lines": [], "excluded_lines": [], "start_line": 16}, "PiquassoBackend._gate": {"executed_lines": [25, 27, 28, 29, 30, 35], "summary": {"covered_lines": 6, "num_statements": 7, "percent_covered": 85.71428571428571, "percent_covered_display": "86", "missing_lines": 1, "excluded_lines": 0, "percent_statements_covered": 85.71428571428571, "percent_statements_covered_display": "86"}, "missing_lines": [26], "excluded_lines": [], "start_line": 24}, "PiquassoBackend.prepare": {"executed_lines": [40, 42, 43, 44], "summary": {"covered_lines": 4, "num_statements": 5, "percent_covered": 80.0, "percent_covered_display": "80", "missing_lines": 1, "excluded_lines": 0, "percent_statements_covered": 80.0, "percent_statements_covered_display": "80"}, "missing_lines": [41], "excluded_lines": [], "start_line": 39}, "PiquassoBackend.entangle": {"executed_lines": [47], "summary": {"covered_lines": 1, "num_statements": 1, "percent_covered": 100.0, "percent_covered_display": "100", "missing_lines": 0, "excluded_lines": 0, "percent_statements_covered": 100.0, "percent_statements_covered_display": "100"}, "missing_lines": [], "excluded_lines": [], "start_line": 46}, "PiquassoBackend.displace": {"executed_lines": [50, 51], "summary": {"covered_lines": 2, "num_statements": 2, "percent_covered": 100.0, "percent_covered_display": "100", "missing_lines": 0, "excluded_lines": 0, "percent_statements_covered": 100.0, "percent_statements_covered_display": "100"}, "missing_lines": [], "excluded_lines": [], "start_line": 49}, "PiquassoBackend.rotate": {"executed_lines": [54], "summary": {"covered_lines": 1, "num_statements": 1, "percent_covered": 100.0, "percent_covered_display": "100", "missing_lines": 0, "excluded_lines": 0, "percent_statements_covered": 100.0, "percent_statements_covered_display": "100"}, "missing_lines": [], "excluded_lines": [], "start_line": 53}, "PiquassoBackend.squeeze": {"executed_lines": [57], "summary": {"covered_lines": 1, "num_statements": 1, "percent_covered": 100.0, "percent_covered_display": "100", "missing_lines": 0, "excluded_lines": 0, "percent_statements_covered": 100.0, "percent_statements_covered_display": "100"}, "missing_lines": [], "excluded_lines": [], "start_line": 56}, "PiquassoBackend.beamsplitter": {"executed_lines": [60], "summary": {"covered_lines": 1, "num_statements": 1, "percent_covered": 100.0, "percent_covered_display": "100", "missing_lines": 0, "excluded_lines": 0, "percent_statements_covered": 100.0, "percent_statements_covered_display": "100"}, "missing_lines": [], "excluded_lines": [], "start_line": 59}, "PiquassoBackend.loss": {"executed_lines": [63, 65], "summary": {"covered_lines": 2, "num_statements": 3, "percent_covered": 66.66666666666667, "percent_covered_display": "67", "missing_lines": 1, "excluded_lines": 0, "percent_statements_covered": 66.66666666666667, "percent_statements_covered_display": "67"}, "missing_lines": [64], "excluded_lines": [], "start_line": 62}, "PiquassoBackend.import_state": {"executed_lines": [74, 76, 78], "summary": {"covered_lines": 3, "num_statements": 5, "percent_covered": 60.0, "percent_covered_display": "60", "missing_lines": 2, "excluded_lines": 0, "percent_statements_covered": 60.0, "percent_statements_covered_display": "60"}, "missing_lines": [75, 77], "excluded_lines": [], "start_line": 72}, "PiquassoBackend.export_state": {"executed_lines": [], "summary": {"covered_lines": 0, "num_statements": 1, "percent_covered": 0.0, "percent_covered_display": "0", "missing_lines": 1, "excluded_lines": 0, "percent_statements_covered": 0.0, "percent_statements_covered_display": "0"}, "missing_lines": [87], "excluded_lines": [], "start_line": 86}, "": {"executed_lines": [6, 8, 9, 11, 12, 15, 16, 24, 39, 46, 49, 53, 56, 59, 62, 72, 86], "summary": {"covered_lines": 17, "num_statements": 17, "percent_covered": 100.0, "percent_covered_display": "100", "missing_lines": 0, "excluded_lines": 0, "percent_statements_covered": 100.0, "percent_statements_covered_display": "100"}, "missing_lines": [], "excluded_lines": [], "start_line": 1}}, "classes": {"PiquassoBackend": {"executed_lines": [17, 20, 21, 22, 25, 27, 28, 29, 30, 35, 40, 42, 43, 44, 47, 50, 51, 54, 57, 60, 63, 65, 74, 76, 78], "summary": {"covered_lines": 25, "num_statements": 31, "percent_covered": 80.64516129032258, "percent_covered_display": "81", "missing_lines": 6, "excluded_lines": 0, "percent_statements_covered": 80.64516129032258, "percent_statements_covered_display": "81"}, "missing_lines": [26, 41, 64, 75, 77, 87], "excluded_lines": [], "start_line": 15}, "": {"executed_lines": [6, 8, 9, 11, 12, 15, 16, 24, 39, 46, 49, 53, 56, 59, 62, 72, 86], "summary": {"covered_lines": 17, "num_statements": 17, "percent_covered": 100.0, "percent_covered_display": "100", "missing_lines": 0, "excluded_lines": 0, "percent_statements_covered": 100.0, "percent_statements_covered_display": "100"}, "missing_lines": [], "excluded_lines": [], "start_line": 1}}}, "src\\photographiq\\commands.py": {"executed_lines": [3, 4, 6, 9, 10, 11, 12, 13, 16, 17, 18, 19, 20, 23, 24, 25, 26, 27, 29, 30, 31, 34, 35, 36, 37, 38, 41, 42, 43, 44, 47, 48, 49, 50, 53, 54, 55, 56, 57, 60, 61, 62, 63, 64, 67, 68, 69, 70, 73, 74, 75, 76, 79, 80, 81, 84, 99, 100, 101, 102, 103, 104, 107, 108, 111, 112, 113, 114, 115, 116], "summary": {"covered_lines": 70, "num_statements": 70, "percent_covered": 100.0, "percent_covered_display": "100", "missing_lines": 0, "excluded_lines": 0, "percent_statements_covered": 100.0, "percent_statements_covered_display": "100"}, "missing_lines": [], "excluded_lines": [], "functions": {"Measure.result_key": {"executed_lines": [31], "summary": {"covered_lines": 1, "num_statements": 1, "percent_covered": 100.0, "percent_covered_display": "100", "missing_lines": 0, "excluded_lines": 0, "percent_statements_covered": 100.0, "percent_statements_covered_display": "100"}, "missing_lines": [], "excluded_lines": [], "start_line": 30}, "expressions": {"executed_lines": [100, 101, 102, 103, 104], "summary": {"covered_lines": 5, "num_statements": 5, "percent_covered": 100.0, "percent_covered_display": "100", "missing_lines": 0, "excluded_lines": 0, "percent_statements_covered": 100.0, "percent_statements_covered_display": "100"}, "missing_lines": [], "excluded_lines": [], "start_line": 99}, "command_dependencies": {"executed_lines": [108], "summary": {"covered_lines": 1, "num_statements": 1, "percent_covered": 100.0, "percent_covered_display": "100", "missing_lines": 0, "excluded_lines": 0, "percent_statements_covered": 100.0, "percent_statements_covered_display": "100"}, "missing_lines": [], "excluded_lines": [], "start_line": 107}, "quantum_nodes": {"executed_lines": [112, 113, 114, 115, 116], "summary": {"covered_lines": 5, "num_statements": 5, "percent_covered": 100.0, "percent_covered_display": "100", "missing_lines": 0, "excluded_lines": 0, "percent_statements_covered": 100.0, "percent_statements_covered_display": "100"}, "missing_lines": [], "excluded_lines": [], "start_line": 111}, "": {"executed_lines": [3, 4, 6, 9, 10, 11, 12, 13, 16, 17, 18, 19, 20, 23, 24, 25, 26, 27, 29, 30, 34, 35, 36, 37, 38, 41, 42, 43, 44, 47, 48, 49, 50, 53, 54, 55, 56, 57, 60, 61, 62, 63, 64, 67, 68, 69, 70, 73, 74, 75, 76, 79, 80, 81, 84, 99, 107, 111], "summary": {"covered_lines": 58, "num_statements": 58, "percent_covered": 100.0, "percent_covered_display": "100", "missing_lines": 0, "excluded_lines": 0, "percent_statements_covered": 100.0, "percent_statements_covered_display": "100"}, "missing_lines": [], "excluded_lines": [], "start_line": 1}}, "classes": {"Prepare": {"executed_lines": [], "summary": {"covered_lines": 0, "num_statements": 0, "percent_covered": 100.0, "percent_covered_display": "100", "missing_lines": 0, "excluded_lines": 0, "percent_statements_covered": 100.0, "percent_statements_covered_display": "100"}, "missing_lines": [], "excluded_lines": [], "start_line": 10}, "Entangle": {"executed_lines": [], "summary": {"covered_lines": 0, "num_statements": 0, "percent_covered": 100.0, "percent_covered_display": "100", "missing_lines": 0, "excluded_lines": 0, "percent_statements_covered": 100.0, "percent_statements_covered_display": "100"}, "missing_lines": [], "excluded_lines": [], "start_line": 17}, "Measure": {"executed_lines": [31], "summary": {"covered_lines": 1, "num_statements": 1, "percent_covered": 100.0, "percent_covered_display": "100", "missing_lines": 0, "excluded_lines": 0, "percent_statements_covered": 100.0, "percent_statements_covered_display": "100"}, "missing_lines": [], "excluded_lines": [], "start_line": 24}, "Displace": {"executed_lines": [], "summary": {"covered_lines": 0, "num_statements": 0, "percent_covered": 100.0, "percent_covered_display": "100", "missing_lines": 0, "excluded_lines": 0, "percent_statements_covered": 100.0, "percent_statements_covered_display": "100"}, "missing_lines": [], "excluded_lines": [], "start_line": 35}, "Rotate": {"executed_lines": [], "summary": {"covered_lines": 0, "num_statements": 0, "percent_covered": 100.0, "percent_covered_display": "100", "missing_lines": 0, "excluded_lines": 0, "percent_statements_covered": 100.0, "percent_statements_covered_display": "100"}, "missing_lines": [], "excluded_lines": [], "start_line": 42}, "Squeeze": {"executed_lines": [], "summary": {"covered_lines": 0, "num_statements": 0, "percent_covered": 100.0, "percent_covered_display": "100", "missing_lines": 0, "excluded_lines": 0, "percent_statements_covered": 100.0, "percent_statements_covered_display": "100"}, "missing_lines": [], "excluded_lines": [], "start_line": 48}, "BeamSplitter": {"executed_lines": [], "summary": {"covered_lines": 0, "num_statements": 0, "percent_covered": 100.0, "percent_covered_display": "100", "missing_lines": 0, "excluded_lines": 0, "percent_statements_covered": 100.0, "percent_statements_covered_display": "100"}, "missing_lines": [], "excluded_lines": [], "start_line": 54}, "Loss": {"executed_lines": [], "summary": {"covered_lines": 0, "num_statements": 0, "percent_covered": 100.0, "percent_covered_display": "100", "missing_lines": 0, "excluded_lines": 0, "percent_statements_covered": 100.0, "percent_statements_covered_display": "100"}, "missing_lines": [], "excluded_lines": [], "start_line": 61}, "CubicPhase": {"executed_lines": [], "summary": {"covered_lines": 0, "num_statements": 0, "percent_covered": 100.0, "percent_covered_display": "100", "missing_lines": 0, "excluded_lines": 0, "percent_statements_covered": 100.0, "percent_statements_covered_display": "100"}, "missing_lines": [], "excluded_lines": [], "start_line": 68}, "Signal": {"executed_lines": [], "summary": {"covered_lines": 0, "num_statements": 0, "percent_covered": 100.0, "percent_covered_display": "100", "missing_lines": 0, "excluded_lines": 0, "percent_statements_covered": 100.0, "percent_statements_covered_display": "100"}, "missing_lines": [], "excluded_lines": [], "start_line": 74}, "Output": {"executed_lines": [], "summary": {"covered_lines": 0, "num_statements": 0, "percent_covered": 100.0, "percent_covered_display": "100", "missing_lines": 0, "excluded_lines": 0, "percent_statements_covered": 100.0, "percent_statements_covered_display": "100"}, "missing_lines": [], "excluded_lines": [], "start_line": 80}, "": {"executed_lines": [3, 4, 6, 9, 10, 11, 12, 13, 16, 17, 18, 19, 20, 23, 24, 25, 26, 27, 29, 30, 34, 35, 36, 37, 38, 41, 42, 43, 44, 47, 48, 49, 50, 53, 54, 55, 56, 57, 60, 61, 62, 63, 64, 67, 68, 69, 70, 73, 74, 75, 76, 79, 80, 81, 84, 99, 100, 101, 102, 103, 104, 107, 108, 111, 112, 113, 114, 115, 116], "summary": {"covered_lines": 69, "num_statements": 69, "percent_covered": 100.0, "percent_covered_display": "100", "missing_lines": 0, "excluded_lines": 0, "percent_statements_covered": 100.0, "percent_statements_covered_display": "100"}, "missing_lines": [], "excluded_lines": [], "start_line": 1}}}, "src\\photographiq\\compiler.py": {"executed_lines": [3, 5, 7, 9, 10, 11, 12, 13, 16, 18, 19, 25, 26, 27, 28, 29, 30, 31, 32, 33, 34, 36, 39, 40, 41, 42, 44, 45, 48, 49, 53, 54, 56, 57, 59, 60, 62, 63, 65, 69, 70, 72, 73, 75, 76, 78, 79, 82, 83, 84, 85, 86, 87, 89, 90, 91, 92, 93, 94, 95, 96, 98, 99, 100, 102, 103, 104, 105, 106, 108, 109, 110, 111, 114, 115, 116, 117, 118, 119, 120, 121, 122, 124, 125, 126, 127, 128, 129, 131, 132, 134, 135, 136, 137, 138, 139, 142, 143], "summary": {"covered_lines": 98, "num_statements": 106, "percent_covered": 92.45283018867924, "percent_covered_display": "92", "missing_lines": 8, "excluded_lines": 0, "percent_statements_covered": 92.45283018867924, "percent_statements_covered_display": "92"}, "missing_lines": [24, 35, 46, 52, 66, 67, 133, 141], "excluded_lines": [], "functions": {"decompose_symplectic": {"executed_lines": [18, 19, 25, 26, 27, 28, 29, 30, 31, 32, 33, 34, 36], "summary": {"covered_lines": 13, "num_statements": 15, "percent_covered": 86.66666666666667, "percent_covered_display": "87", "missing_lines": 2, "excluded_lines": 0, "percent_statements_covered": 86.66666666666667, "percent_statements_covered_display": "87"}, "missing_lines": [24, 35], "excluded_lines": [], "start_line": 16}, "Circuit.__post_init__": {"executed_lines": [45], "summary": {"covered_lines": 1, "num_statements": 2, "percent_covered": 50.0, "percent_covered_display": "50", "missing_lines": 1, "excluded_lines": 0, "percent_statements_covered": 50.0, "percent_statements_covered_display": "50"}, "missing_lines": [46], "excluded_lines": [], "start_line": 44}, "Circuit._add": {"executed_lines": [49, 53, 54], "summary": {"covered_lines": 3, "num_statements": 4, "percent_covered": 75.0, "percent_covered_display": "75", "missing_lines": 1, "excluded_lines": 0, "percent_statements_covered": 75.0, "percent_statements_covered_display": "75"}, "missing_lines": [52], "excluded_lines": [], "start_line": 48}, "Circuit.displace": {"executed_lines": [57], "summary": {"covered_lines": 1, "num_statements": 1, "percent_covered": 100.0, "percent_covered_display": "100", "missing_lines": 0, "excluded_lines": 0, "percent_statements_covered": 100.0, "percent_statements_covered_display": "100"}, "missing_lines": [], "excluded_lines": [], "start_line": 56}, "Circuit.rotate": {"executed_lines": [60], "summary": {"covered_lines": 1, "num_statements": 1, "percent_covered": 100.0, "percent_covered_display": "100", "missing_lines": 0, "excluded_lines": 0, "percent_statements_covered": 100.0, "percent_statements_covered_display": "100"}, "missing_lines": [], "excluded_lines": [], "start_line": 59}, "Circuit.squeeze": {"executed_lines": [63], "summary": {"covered_lines": 1, "num_statements": 1, "percent_covered": 100.0, "percent_covered_display": "100", "missing_lines": 0, "excluded_lines": 0, "percent_statements_covered": 100.0, "percent_statements_covered_display": "100"}, "missing_lines": [], "excluded_lines": [], "start_line": 62}, "Circuit.gaussian": {"executed_lines": [], "summary": {"covered_lines": 0, "num_statements": 2, "percent_covered": 0.0, "percent_covered_display": "0", "missing_lines": 2, "excluded_lines": 0, "percent_statements_covered": 0.0, "percent_statements_covered_display": "0"}, "missing_lines": [66, 67], "excluded_lines": [], "start_line": 65}, "Circuit.cz": {"executed_lines": [70], "summary": {"covered_lines": 1, "num_statements": 1, "percent_covered": 100.0, "percent_covered_display": "100", "missing_lines": 0, "excluded_lines": 0, "percent_statements_covered": 100.0, "percent_statements_covered_display": "100"}, "missing_lines": [], "excluded_lines": [], "start_line": 69}, "Circuit.beamsplitter": {"executed_lines": [73], "summary": {"covered_lines": 1, "num_statements": 1, "percent_covered": 100.0, "percent_covered_display": "100", "missing_lines": 0, "excluded_lines": 0, "percent_statements_covered": 100.0, "percent_statements_covered_display": "100"}, "missing_lines": [], "excluded_lines": [], "start_line": 72}, "Circuit.identity": {"executed_lines": [76], "summary": {"covered_lines": 1, "num_statements": 1, "percent_covered": 100.0, "percent_covered_display": "100", "missing_lines": 0, "excluded_lines": 0, "percent_statements_covered": 100.0, "percent_statements_covered_display": "100"}, "missing_lines": [], "excluded_lines": [], "start_line": 75}, "Circuit.compile": {"executed_lines": [79], "summary": {"covered_lines": 1, "num_statements": 1, "percent_covered": 100.0, "percent_covered_display": "100", "missing_lines": 0, "excluded_lines": 0, "percent_statements_covered": 100.0, "percent_statements_covered_display": "100"}, "missing_lines": [], "excluded_lines": [], "start_line": 78}, "_Builder.__init__": {"executed_lines": [84, 85, 86, 87], "summary": {"covered_lines": 4, "num_statements": 4, "percent_covered": 100.0, "percent_covered_display": "100", "missing_lines": 0, "excluded_lines": 0, "percent_statements_covered": 100.0, "percent_statements_covered_display": "100"}, "missing_lines": [], "excluded_lines": [], "start_line": 83}, "_Builder.step": {"executed_lines": [90, 91, 92, 93, 94, 95, 96], "summary": {"covered_lines": 7, "num_statements": 7, "percent_covered": 100.0, "percent_covered_display": "100", "missing_lines": 0, "excluded_lines": 0, "percent_statements_covered": 100.0, "percent_statements_covered_display": "100"}, "missing_lines": [], "excluded_lines": [], "start_line": 89}, "_Builder.single": {"executed_lines": [99, 100], "summary": {"covered_lines": 2, "num_statements": 2, "percent_covered": 100.0, "percent_covered_display": "100", "missing_lines": 0, "excluded_lines": 0, "percent_statements_covered": 100.0, "percent_statements_covered_display": "100"}, "missing_lines": [], "excluded_lines": [], "start_line": 98}, "_Builder.cz": {"executed_lines": [103, 104, 105, 106], "summary": {"covered_lines": 4, "num_statements": 4, "percent_covered": 100.0, "percent_covered_display": "100", "missing_lines": 0, "excluded_lines": 0, "percent_statements_covered": 100.0, "percent_statements_covered_display": "100"}, "missing_lines": [], "excluded_lines": [], "start_line": 102}, "_Builder.sum": {"executed_lines": [109, 110, 111], "summary": {"covered_lines": 3, "num_statements": 3, "percent_covered": 100.0, "percent_covered_display": "100", "missing_lines": 0, "excluded_lines": 0, "percent_statements_covered": 100.0, "percent_statements_covered_display": "100"}, "missing_lines": [], "excluded_lines": [], "start_line": 108}, "compile_circuit": {"executed_lines": [115, 116, 117, 118, 119, 120, 121, 122, 124, 125, 126, 127, 128, 129, 131, 132, 134, 135, 136, 137, 138, 139, 142, 143], "summary": {"covered_lines": 24, "num_statements": 26, "percent_covered": 92.3076923076923, "percent_covered_display": "92", "missing_lines": 2, "excluded_lines": 0, "percent_statements_covered": 92.3076923076923, "percent_statements_covered_display": "92"}, "missing_lines": [133, 141], "excluded_lines": [], "start_line": 114}, "": {"executed_lines": [3, 5, 7, 9, 10, 11, 12, 13, 16, 39, 40, 41, 42, 44, 48, 56, 59, 62, 65, 69, 72, 75, 78, 82, 83, 89, 98, 102, 108, 114], "summary": {"covered_lines": 30, "num_statements": 30, "percent_covered": 100.0, "percent_covered_display": "100", "missing_lines": 0, "excluded_lines": 0, "percent_statements_covered": 100.0, "percent_statements_covered_display": "100"}, "missing_lines": [], "excluded_lines": [], "start_line": 1}}, "classes": {"Circuit": {"executed_lines": [45, 49, 53, 54, 57, 60, 63, 70, 73, 76, 79], "summary": {"covered_lines": 11, "num_statements": 15, "percent_covered": 73.33333333333333, "percent_covered_display": "73", "missing_lines": 4, "excluded_lines": 0, "percent_statements_covered": 73.33333333333333, "percent_statements_covered_display": "73"}, "missing_lines": [46, 52, 66, 67], "excluded_lines": [], "start_line": 40}, "_Builder": {"executed_lines": [84, 85, 86, 87, 90, 91, 92, 93, 94, 95, 96, 99, 100, 103, 104, 105, 106, 109, 110, 111], "summary": {"covered_lines": 20, "num_statements": 20, "percent_covered": 100.0, "percent_covered_display": "100", "missing_lines": 0, "excluded_lines": 0, "percent_statements_covered": 100.0, "percent_statements_covered_display": "100"}, "missing_lines": [], "excluded_lines": [], "start_line": 82}, "": {"executed_lines": [3, 5, 7, 9, 10, 11, 12, 13, 16, 18, 19, 25, 26, 27, 28, 29, 30, 31, 32, 33, 34, 36, 39, 40, 41, 42, 44, 48, 56, 59, 62, 65, 69, 72, 75, 78, 82, 83, 89, 98, 102, 108, 114, 115, 116, 117, 118, 119, 120, 121, 122, 124, 125, 126, 127, 128, 129, 131, 132, 134, 135, 136, 137, 138, 139, 142, 143], "summary": {"covered_lines": 67, "num_statements": 71, "percent_covered": 94.36619718309859, "percent_covered_display": "94", "missing_lines": 4, "excluded_lines": 0, "percent_statements_covered": 94.36619718309859, "percent_statements_covered_display": "94"}, "missing_lines": [24, 35, 133, 141], "excluded_lines": [], "start_line": 1}}}, "src\\photographiq\\cvflow.py": {"executed_lines": [8, 10, 12, 13, 14, 17, 18, 19, 20, 21, 24, 26, 27, 28, 30, 32, 33, 34, 35, 36, 37, 38, 39, 40, 41, 42, 43, 44, 45, 46, 47, 50, 56, 57, 59, 62, 63, 64, 65, 66, 67, 68, 69, 70, 71, 72, 73, 74, 75, 76, 80, 81, 82], "summary": {"covered_lines": 53, "num_statements": 56, "percent_covered": 94.64285714285714, "percent_covered_display": "95", "missing_lines": 3, "excluded_lines": 0, "percent_statements_covered": 94.64285714285714, "percent_statements_covered_display": "95"}, "missing_lines": [29, 31, 58], "excluded_lines": [], "functions": {"certify_cv_flow": {"executed_lines": [26, 27, 28, 30, 32, 33, 34, 35, 36, 37, 38, 39, 40, 41, 42, 43, 44, 45, 46, 47], "summary": {"covered_lines": 20, "num_statements": 22, "percent_covered": 90.9090909090909, "percent_covered_display": "91", "missing_lines": 2, "excluded_lines": 0, "percent_statements_covered": 90.9090909090909, "percent_statements_covered_display": "91"}, "missing_lines": [29, 31], "excluded_lines": [], "start_line": 24}, "flow_pattern": {"executed_lines": [56, 57, 59, 62, 63, 64, 65, 66, 67, 68, 69, 70, 71, 72, 73, 74, 75, 76, 80, 81, 82], "summary": {"covered_lines": 21, "num_statements": 22, "percent_covered": 95.45454545454545, "percent_covered_display": "95", "missing_lines": 1, "excluded_lines": 0, "percent_statements_covered": 95.45454545454545, "percent_statements_covered_display": "95"}, "missing_lines": [58], "excluded_lines": [], "start_line": 50}, "": {"executed_lines": [8, 10, 12, 13, 14, 17, 18, 19, 20, 21, 24, 50], "summary": {"covered_lines": 12, "num_statements": 12, "percent_covered": 100.0, "percent_covered_display": "100", "missing_lines": 0, "excluded_lines": 0, "percent_statements_covered": 100.0, "percent_statements_covered_display": "100"}, "missing_lines": [], "excluded_lines": [], "start_line": 1}}, "classes": {"CVFlow": {"executed_lines": [], "summary": {"covered_lines": 0, "num_statements": 0, "percent_covered": 100.0, "percent_covered_display": "100", "missing_lines": 0, "excluded_lines": 0, "percent_statements_covered": 100.0, "percent_statements_covered_display": "100"}, "missing_lines": [], "excluded_lines": [], "start_line": 18}, "": {"executed_lines": [8, 10, 12, 13, 14, 17, 18, 19, 20, 21, 24, 26, 27, 28, 30, 32, 33, 34, 35, 36, 37, 38, 39, 40, 41, 42, 43, 44, 45, 46, 47, 50, 56, 57, 59, 62, 63, 64, 65, 66, 67, 68, 69, 70, 71, 72, 73, 74, 75, 76, 80, 81, 82], "summary": {"covered_lines": 53, "num_statements": 56, "percent_covered": 94.64285714285714, "percent_covered_display": "95", "missing_lines": 3, "excluded_lines": 0, "percent_statements_covered": 94.64285714285714, "percent_statements_covered_display": "95"}, "missing_lines": [29, 31, 58], "excluded_lines": [], "start_line": 1}}}, "src\\photographiq\\expressions.py": {"executed_lines": [3, 5, 6, 7, 8, 9, 11, 25, 26, 27, 28, 30, 31, 33, 34, 36, 39, 42, 43, 45, 46, 48, 49, 51, 54, 57, 58, 60, 61, 62, 63, 64, 66, 67, 68, 69, 70, 72, 73, 74, 75, 76, 77, 78, 79, 80, 82, 84, 85, 86, 88, 91, 93, 95, 98, 100, 103, 104, 105, 106, 107, 109, 112, 113, 116, 117, 119, 120, 122, 123, 124, 126, 128, 133, 137, 138, 139, 140, 142, 145, 146, 149, 153, 157, 158], "summary": {"covered_lines": 85, "num_statements": 97, "percent_covered": 87.62886597938144, "percent_covered_display": "88", "missing_lines": 12, "excluded_lines": 0, "percent_statements_covered": 87.62886597938144, "percent_statements_covered_display": "88"}, "missing_lines": [37, 40, 52, 55, 83, 87, 94, 108, 134, 141, 150, 154], "excluded_lines": [], "functions": {"Expr.__add__": {"executed_lines": [31], "summary": {"covered_lines": 1, "num_statements": 1, "percent_covered": 100.0, "percent_covered_display": "100", "missing_lines": 0, "excluded_lines": 0, "percent_statements_covered": 100.0, "percent_statements_covered_display": "100"}, "missing_lines": [], "excluded_lines": [], "start_line": 30}, "Expr.__radd__": {"executed_lines": [34], "summary": {"covered_lines": 1, "num_statements": 1, "percent_covered": 100.0, "percent_covered_display": "100", "missing_lines": 0, "excluded_lines": 0, "percent_statements_covered": 100.0, "percent_statements_covered_display": "100"}, "missing_lines": [], "excluded_lines": [], "start_line": 33}, "Expr.__sub__": {"executed_lines": [], "summary": {"covered_lines": 0, "num_statements": 1, "percent_covered": 0.0, "percent_covered_display": "0", "missing_lines": 1, "excluded_lines": 0, "percent_statements_covered": 0.0, "percent_statements_covered_display": "0"}, "missing_lines": [37], "excluded_lines": [], "start_line": 36}, "Expr.__rsub__": {"executed_lines": [], "summary": {"covered_lines": 0, "num_statements": 1, "percent_covered": 0.0, "percent_covered_display": "0", "missing_lines": 1, "excluded_lines": 0, "percent_statements_covered": 0.0, "percent_statements_covered_display": "0"}, "missing_lines": [40], "excluded_lines": [], "start_line": 39}, "Expr.__mul__": {"executed_lines": [43], "summary": {"covered_lines": 1, "num_statements": 1, "percent_covered": 100.0, "percent_covered_display": "100", "missing_lines": 0, "excluded_lines": 0, "percent_statements_covered": 100.0, "percent_statements_covered_display": "100"}, "missing_lines": [], "excluded_lines": [], "start_line": 42}, "Expr.__rmul__": {"executed_lines": [46], "summary": {"covered_lines": 1, "num_statements": 1, "percent_covered": 100.0, "percent_covered_display": "100", "missing_lines": 0, "excluded_lines": 0, "percent_statements_covered": 100.0, "percent_statements_covered_display": "100"}, "missing_lines": [], "excluded_lines": [], "start_line": 45}, "Expr.__truediv__": {"executed_lines": [49], "summary": {"covered_lines": 1, "num_statements": 1, "percent_covered": 100.0, "percent_covered_display": "100", "missing_lines": 0, "excluded_lines": 0, "percent_statements_covered": 100.0, "percent_statements_covered_display": "100"}, "missing_lines": [], "excluded_lines": [], "start_line": 48}, "Expr.__rtruediv__": {"executed_lines": [], "summary": {"covered_lines": 0, "num_statements": 1, "percent_covered": 0.0, "percent_covered_display": "0", "missing_lines": 1, "excluded_lines": 0, "percent_statements_covered": 0.0, "percent_statements_covered_display": "0"}, "missing_lines": [52], "excluded_lines": [], "start_line": 51}, "Expr.__pow__": {"executed_lines": [], "summary": {"covered_lines": 0, "num_statements": 1, "percent_covered": 0.0, "percent_covered_display": "0", "missing_lines": 1, "excluded_lines": 0, "percent_statements_covered": 0.0, "percent_statements_covered_display": "0"}, "missing_lines": [55], "excluded_lines": [], "start_line": 54}, "Expr.__neg__": {"executed_lines": [58], "summary": {"covered_lines": 1, "num_statements": 1, "percent_covered": 100.0, "percent_covered_display": "100", "missing_lines": 0, "excluded_lines": 0, "percent_statements_covered": 100.0, "percent_statements_covered_display": "100"}, "missing_lines": [], "excluded_lines": [], "start_line": 57}, "Expr.dependencies": {"executed_lines": [62, 63, 64], "summary": {"covered_lines": 3, "num_statements": 3, "percent_covered": 100.0, "percent_covered_display": "100", "missing_lines": 0, "excluded_lines": 0, "percent_statements_covered": 100.0, "percent_statements_covered_display": "100"}, "missing_lines": [], "excluded_lines": [], "start_line": 61}, "Expr.parameters": {"executed_lines": [68, 69, 70], "summary": {"covered_lines": 3, "num_statements": 3, "percent_covered": 100.0, "percent_covered_display": "100", "missing_lines": 0, "excluded_lines": 0, "percent_statements_covered": 100.0, "percent_statements_covered_display": "100"}, "missing_lines": [], "excluded_lines": [], "start_line": 67}, "Expr.evaluate": {"executed_lines": [73, 74, 75, 76, 77, 78, 79, 80, 82, 84, 85, 86, 88], "summary": {"covered_lines": 13, "num_statements": 15, "percent_covered": 86.66666666666667, "percent_covered_display": "87", "missing_lines": 2, "excluded_lines": 0, "percent_statements_covered": 86.66666666666667, "percent_statements_covered_display": "87"}, "missing_lines": [83, 87], "excluded_lines": [], "start_line": 72}, "Parameter": {"executed_lines": [93, 95], "summary": {"covered_lines": 2, "num_statements": 3, "percent_covered": 66.66666666666667, "percent_covered_display": "67", "missing_lines": 1, "excluded_lines": 0, "percent_statements_covered": 66.66666666666667, "percent_statements_covered_display": "67"}, "missing_lines": [94], "excluded_lines": [], "start_line": 91}, "Outcome": {"executed_lines": [100], "summary": {"covered_lines": 1, "num_statements": 1, "percent_covered": 100.0, "percent_covered_display": "100", "missing_lines": 0, "excluded_lines": 0, "percent_statements_covered": 100.0, "percent_statements_covered_display": "100"}, "missing_lines": [], "excluded_lines": [], "start_line": 98}, "expression": {"executed_lines": [104, 105, 106, 107, 109], "summary": {"covered_lines": 5, "num_statements": 6, "percent_covered": 83.33333333333333, "percent_covered_display": "83", "missing_lines": 1, "excluded_lines": 0, "percent_statements_covered": 83.33333333333333, "percent_statements_covered_display": "83"}, "missing_lines": [108], "excluded_lines": [], "start_line": 103}, "CallableExpression.__post_init__": {"executed_lines": [120], "summary": {"covered_lines": 1, "num_statements": 1, "percent_covered": 100.0, "percent_covered_display": "100", "missing_lines": 0, "excluded_lines": 0, "percent_statements_covered": 100.0, "percent_statements_covered_display": "100"}, "missing_lines": [], "excluded_lines": [], "start_line": 119}, "CallableExpression.parameters": {"executed_lines": [124], "summary": {"covered_lines": 1, "num_statements": 1, "percent_covered": 100.0, "percent_covered_display": "100", "missing_lines": 0, "excluded_lines": 0, "percent_statements_covered": 100.0, "percent_statements_covered_display": "100"}, "missing_lines": [], "excluded_lines": [], "start_line": 123}, "CallableExpression.evaluate": {"executed_lines": [128], "summary": {"covered_lines": 1, "num_statements": 1, "percent_covered": 100.0, "percent_covered_display": "100", "missing_lines": 0, "excluded_lines": 0, "percent_statements_covered": 100.0, "percent_statements_covered_display": "100"}, "missing_lines": [], "excluded_lines": [], "start_line": 126}, "dependencies": {"executed_lines": [], "summary": {"covered_lines": 0, "num_statements": 1, "percent_covered": 0.0, "percent_covered_display": "0", "missing_lines": 1, "excluded_lines": 0, "percent_statements_covered": 0.0, "percent_statements_covered_display": "0"}, "missing_lines": [134], "excluded_lines": [], "start_line": 133}, "resolve": {"executed_lines": [138, 139, 140, 142], "summary": {"covered_lines": 4, "num_statements": 5, "percent_covered": 80.0, "percent_covered_display": "80", "missing_lines": 1, "excluded_lines": 0, "percent_statements_covered": 80.0, "percent_statements_covered_display": "80"}, "missing_lines": [141], "excluded_lines": [], "start_line": 137}, "sin": {"executed_lines": [146], "summary": {"covered_lines": 1, "num_statements": 1, "percent_covered": 100.0, "percent_covered_display": "100", "missing_lines": 0, "excluded_lines": 0, "percent_statements_covered": 100.0, "percent_statements_covered_display": "100"}, "missing_lines": [], "excluded_lines": [], "start_line": 145}, "cos": {"executed_lines": [], "summary": {"covered_lines": 0, "num_statements": 1, "percent_covered": 0.0, "percent_covered_display": "0", "missing_lines": 1, "excluded_lines": 0, "percent_statements_covered": 0.0, "percent_statements_covered_display": "0"}, "missing_lines": [150], "excluded_lines": [], "start_line": 149}, "exp": {"executed_lines": [], "summary": {"covered_lines": 0, "num_statements": 1, "percent_covered": 0.0, "percent_covered_display": "0", "missing_lines": 1, "excluded_lines": 0, "percent_statements_covered": 0.0, "percent_statements_covered_display": "0"}, "missing_lines": [154], "excluded_lines": [], "start_line": 153}, "atan2": {"executed_lines": [158], "summary": {"covered_lines": 1, "num_statements": 1, "percent_covered": 100.0, "percent_covered_display": "100", "missing_lines": 0, "excluded_lines": 0, "percent_statements_covered": 100.0, "percent_statements_covered_display": "100"}, "missing_lines": [], "excluded_lines": [], "start_line": 157}, "": {"executed_lines": [3, 5, 6, 7, 8, 9, 11, 25, 26, 27, 28, 30, 33, 36, 39, 42, 45, 48, 51, 54, 57, 60, 61, 66, 67, 72, 91, 98, 103, 112, 113, 116, 117, 119, 122, 123, 126, 133, 137, 145, 149, 153, 157], "summary": {"covered_lines": 43, "num_statements": 43, "percent_covered": 100.0, "percent_covered_display": "100", "missing_lines": 0, "excluded_lines": 0, "percent_statements_covered": 100.0, "percent_statements_covered_display": "100"}, "missing_lines": [], "excluded_lines": [], "start_line": 1}}, "classes": {"Expr": {"executed_lines": [31, 34, 43, 46, 49, 58, 62, 63, 64, 68, 69, 70, 73, 74, 75, 76, 77, 78, 79, 80, 82, 84, 85, 86, 88], "summary": {"covered_lines": 25, "num_statements": 31, "percent_covered": 80.64516129032258, "percent_covered_display": "81", "missing_lines": 6, "excluded_lines": 0, "percent_statements_covered": 80.64516129032258, "percent_statements_covered_display": "81"}, "missing_lines": [37, 40, 52, 55, 83, 87], "excluded_lines": [], "start_line": 26}, "CallableExpression": {"executed_lines": [120, 124, 128], "summary": {"covered_lines": 3, "num_statements": 3, "percent_covered": 100.0, "percent_covered_display": "100", "missing_lines": 0, "excluded_lines": 0, "percent_statements_covered": 100.0, "percent_statements_covered_display": "100"}, "missing_lines": [], "excluded_lines": [], "start_line": 113}, "": {"executed_lines": [3, 5, 6, 7, 8, 9, 11, 25, 26, 27, 28, 30, 33, 36, 39, 42, 45, 48, 51, 54, 57, 60, 61, 66, 67, 72, 91, 93, 95, 98, 100, 103, 104, 105, 106, 107, 109, 112, 113, 116, 117, 119, 122, 123, 126, 133, 137, 138, 139, 140, 142, 145, 146, 149, 153, 157, 158], "summary": {"covered_lines": 57, "num_statements": 63, "percent_covered": 90.47619047619048, "percent_covered_display": "90", "missing_lines": 6, "excluded_lines": 0, "percent_statements_covered": 90.47619047619048, "percent_statements_covered_display": "90"}, "missing_lines": [94, 108, 134, 141, 150, 154], "excluded_lines": [], "start_line": 1}}}, "src\\photographiq\\flow.py": {"executed_lines": [3, 5, 7, 10, 11, 12, 13, 14, 15, 16, 17, 19, 20, 21, 22, 23, 25, 26, 27, 28, 29, 30, 31, 32, 35], "summary": {"covered_lines": 25, "num_statements": 28, "percent_covered": 89.28571428571429, "percent_covered_display": "89", "missing_lines": 3, "excluded_lines": 0, "percent_statements_covered": 89.28571428571429, "percent_statements_covered_display": "89"}, "missing_lines": [18, 24, 36], "excluded_lines": [], "functions": {"dependency_graph": {"executed_lines": [11, 12, 13, 14, 15, 16, 17, 19, 20, 21, 22, 23, 25, 26, 27, 28, 29, 30, 31, 32], "summary": {"covered_lines": 20, "num_statements": 22, "percent_covered": 90.9090909090909, "percent_covered_display": "91", "missing_lines": 2, "excluded_lines": 0, "percent_statements_covered": 90.9090909090909, "percent_statements_covered_display": "91"}, "missing_lines": [18, 24], "excluded_lines": [], "start_line": 10}, "topological_schedule": {"executed_lines": [], "summary": {"covered_lines": 0, "num_statements": 1, "percent_covered": 0.0, "percent_covered_display": "0", "missing_lines": 1, "excluded_lines": 0, "percent_statements_covered": 0.0, "percent_statements_covered_display": "0"}, "missing_lines": [36], "excluded_lines": [], "start_line": 35}, "": {"executed_lines": [3, 5, 7, 10, 35], "summary": {"covered_lines": 5, "num_statements": 5, "percent_covered": 100.0, "percent_covered_display": "100", "missing_lines": 0, "excluded_lines": 0, "percent_statements_covered": 100.0, "percent_statements_covered_display": "100"}, "missing_lines": [], "excluded_lines": [], "start_line": 1}}, "classes": {"": {"executed_lines": [3, 5, 7, 10, 11, 12, 13, 14, 15, 16, 17, 19, 20, 21, 22, 23, 25, 26, 27, 28, 29, 30, 31, 32, 35], "summary": {"covered_lines": 25, "num_statements": 28, "percent_covered": 89.28571428571429, "percent_covered_display": "89", "missing_lines": 3, "excluded_lines": 0, "percent_statements_covered": 89.28571428571429, "percent_statements_covered_display": "89"}, "missing_lines": [18, 24, 36], "excluded_lines": [], "start_line": 1}}}, "src\\photographiq\\gaussian.py": {"executed_lines": [3, 5, 7, 10, 11, 14, 15, 16, 19, 21, 24, 25, 26, 27, 30, 31, 32, 35, 36, 37, 38, 41, 42, 45, 47, 48, 54, 56, 57, 58, 59, 60, 61], "summary": {"covered_lines": 33, "num_statements": 34, "percent_covered": 97.05882352941177, "percent_covered_display": "97", "missing_lines": 1, "excluded_lines": 0, "percent_statements_covered": 97.05882352941177, "percent_statements_covered_display": "97"}, "missing_lines": [55], "excluded_lines": [], "functions": {"omega": {"executed_lines": [11], "summary": {"covered_lines": 1, "num_statements": 1, "percent_covered": 100.0, "percent_covered_display": "100", "missing_lines": 0, "excluded_lines": 0, "percent_statements_covered": 100.0, "percent_statements_covered_display": "100"}, "missing_lines": [], "excluded_lines": [], "start_line": 10}, "rotation": {"executed_lines": [15, 16], "summary": {"covered_lines": 2, "num_statements": 2, "percent_covered": 100.0, "percent_covered_display": "100", "missing_lines": 0, "excluded_lines": 0, "percent_statements_covered": 100.0, "percent_statements_covered_display": "100"}, "missing_lines": [], "excluded_lines": [], "start_line": 14}, "squeezing": {"executed_lines": [21], "summary": {"covered_lines": 1, "num_statements": 1, "percent_covered": 100.0, "percent_covered_display": "100", "missing_lines": 0, "excluded_lines": 0, "percent_statements_covered": 100.0, "percent_statements_covered_display": "100"}, "missing_lines": [], "excluded_lines": [], "start_line": 19}, "cz": {"executed_lines": [25, 26, 27], "summary": {"covered_lines": 3, "num_statements": 3, "percent_covered": 100.0, "percent_covered_display": "100", "missing_lines": 0, "excluded_lines": 0, "percent_statements_covered": 100.0, "percent_statements_covered_display": "100"}, "missing_lines": [], "excluded_lines": [], "start_line": 24}, "beamsplitter": {"executed_lines": [31, 32], "summary": {"covered_lines": 2, "num_statements": 2, "percent_covered": 100.0, "percent_covered_display": "100", "missing_lines": 0, "excluded_lines": 0, "percent_statements_covered": 100.0, "percent_statements_covered_display": "100"}, "missing_lines": [], "excluded_lines": [], "start_line": 30}, "embed": {"executed_lines": [36, 37, 38], "summary": {"covered_lines": 3, "num_statements": 3, "percent_covered": 100.0, "percent_covered_display": "100", "missing_lines": 0, "excluded_lines": 0, "percent_statements_covered": 100.0, "percent_statements_covered_display": "100"}, "missing_lines": [], "excluded_lines": [], "start_line": 35}, "teleportation_matrix": {"executed_lines": [42], "summary": {"covered_lines": 1, "num_statements": 1, "percent_covered": 100.0, "percent_covered_display": "100", "missing_lines": 0, "excluded_lines": 0, "percent_statements_covered": 100.0, "percent_statements_covered_display": "100"}, "missing_lines": [], "excluded_lines": [], "start_line": 41}, "wire_channel": {"executed_lines": [47, 48, 54, 56, 57, 58, 59, 60, 61], "summary": {"covered_lines": 9, "num_statements": 10, "percent_covered": 90.0, "percent_covered_display": "90", "missing_lines": 1, "excluded_lines": 0, "percent_statements_covered": 90.0, "percent_statements_covered_display": "90"}, "missing_lines": [55], "excluded_lines": [], "start_line": 45}, "": {"executed_lines": [3, 5, 7, 10, 14, 19, 24, 30, 35, 41, 45], "summary": {"covered_lines": 11, "num_statements": 11, "percent_covered": 100.0, "percent_covered_display": "100", "missing_lines": 0, "excluded_lines": 0, "percent_statements_covered": 100.0, "percent_statements_covered_display": "100"}, "missing_lines": [], "excluded_lines": [], "start_line": 1}}, "classes": {"": {"executed_lines": [3, 5, 7, 10, 11, 14, 15, 16, 19, 21, 24, 25, 26, 27, 30, 31, 32, 35, 36, 37, 38, 41, 42, 45, 47, 48, 54, 56, 57, 58, 59, 60, 61], "summary": {"covered_lines": 33, "num_statements": 34, "percent_covered": 97.05882352941177, "percent_covered_display": "97", "missing_lines": 1, "excluded_lines": 0, "percent_statements_covered": 97.05882352941177, "percent_statements_covered_display": "97"}, "missing_lines": [55], "excluded_lines": [], "start_line": 1}}}, "src\\photographiq\\graph.py": {"executed_lines": [3, 5, 6, 8, 11, 12, 13, 14, 15, 16, 17, 18, 19, 20, 21, 22, 23, 25, 26, 27, 29, 30, 33, 34, 35, 36, 38, 39, 40, 41, 42, 46, 47, 48, 50, 52, 53, 55, 56, 58, 59, 60, 61, 62, 64, 65, 66, 67, 68, 69, 70, 71, 73, 74, 75, 76, 77, 78, 80, 82, 83, 84, 85, 87, 88, 89, 90, 91, 92, 93, 94, 95, 97, 98, 100, 101, 102, 104, 106, 107, 108, 110, 112, 113, 114, 116, 118, 119, 120, 122, 124, 125, 128, 129, 130, 132, 134, 135, 139, 140, 142, 145], "summary": {"covered_lines": 102, "num_statements": 115, "percent_covered": 88.69565217391305, "percent_covered_display": "89", "missing_lines": 13, "excluded_lines": 0, "percent_statements_covered": 88.69565217391305, "percent_statements_covered_display": "89"}, "missing_lines": [31, 37, 43, 49, 57, 96, 103, 109, 115, 121, 126, 131, 137], "excluded_lines": [], "functions": {"CVGraph.__init__": {"executed_lines": [13, 14, 15, 16, 17, 18, 19, 20, 21, 22, 23], "summary": {"covered_lines": 11, "num_statements": 11, "percent_covered": 100.0, "percent_covered_display": "100", "missing_lines": 0, "excluded_lines": 0, "percent_statements_covered": 100.0, "percent_statements_covered_display": "100"}, "missing_lines": [], "excluded_lines": [], "start_line": 12}, "CVGraph.nodes": {"executed_lines": [27], "summary": {"covered_lines": 1, "num_statements": 1, "percent_covered": 100.0, "percent_covered_display": "100", "missing_lines": 0, "excluded_lines": 0, "percent_statements_covered": 100.0, "percent_statements_covered_display": "100"}, "missing_lines": [], "excluded_lines": [], "start_line": 26}, "CVGraph.ancillas": {"executed_lines": [], "summary": {"covered_lines": 0, "num_statements": 1, "percent_covered": 0.0, "percent_covered_display": "0", "missing_lines": 1, "excluded_lines": 0, "percent_statements_covered": 0.0, "percent_statements_covered_display": "0"}, "missing_lines": [31], "excluded_lines": [], "start_line": 30}, "CVGraph.validate": {"executed_lines": [34, 35, 36, 38, 39, 40, 41, 42, 46, 47, 48, 50], "summary": {"covered_lines": 12, "num_statements": 15, "percent_covered": 80.0, "percent_covered_display": "80", "missing_lines": 3, "excluded_lines": 0, "percent_statements_covered": 80.0, "percent_statements_covered_display": "80"}, "missing_lines": [37, 43, 49], "excluded_lines": [], "start_line": 33}, "CVGraph.copy": {"executed_lines": [53], "summary": {"covered_lines": 1, "num_statements": 1, "percent_covered": 100.0, "percent_covered_display": "100", "missing_lines": 0, "excluded_lines": 0, "percent_statements_covered": 100.0, "percent_statements_covered_display": "100"}, "missing_lines": [], "excluded_lines": [], "start_line": 52}, "CVGraph.add_node": {"executed_lines": [56, 58, 59, 60, 61, 62], "summary": {"covered_lines": 6, "num_statements": 7, "percent_covered": 85.71428571428571, "percent_covered_display": "86", "missing_lines": 1, "excluded_lines": 0, "percent_statements_covered": 85.71428571428571, "percent_statements_covered_display": "86"}, "missing_lines": [57], "excluded_lines": [], "start_line": 55}, "CVGraph.add_edge": {"executed_lines": [65, 66, 67, 68, 69, 70, 71], "summary": {"covered_lines": 7, "num_statements": 7, "percent_covered": 100.0, "percent_covered_display": "100", "missing_lines": 0, "excluded_lines": 0, "percent_statements_covered": 100.0, "percent_statements_covered_display": "100"}, "missing_lines": [], "excluded_lines": [], "start_line": 64}, "CVGraph.adjacency": {"executed_lines": [74, 75, 76, 77, 78], "summary": {"covered_lines": 5, "num_statements": 5, "percent_covered": 100.0, "percent_covered_display": "100", "missing_lines": 0, "excluded_lines": 0, "percent_statements_covered": 100.0, "percent_statements_covered_display": "100"}, "missing_lines": [], "excluded_lines": [], "start_line": 73}, "CVGraph.nullifiers": {"executed_lines": [82, 83, 84, 85], "summary": {"covered_lines": 4, "num_statements": 4, "percent_covered": 100.0, "percent_covered_display": "100", "missing_lines": 0, "excluded_lines": 0, "percent_statements_covered": 100.0, "percent_statements_covered_display": "100"}, "missing_lines": [], "excluded_lines": [], "start_line": 80}, "CVGraph.from_adjacency": {"executed_lines": [89, 90, 91, 92, 93, 94, 95, 97, 98], "summary": {"covered_lines": 9, "num_statements": 10, "percent_covered": 90.0, "percent_covered_display": "90", "missing_lines": 1, "excluded_lines": 0, "percent_statements_covered": 90.0, "percent_statements_covered_display": "90"}, "missing_lines": [96], "excluded_lines": [], "start_line": 88}, "CVGraph.line": {"executed_lines": [102, 104], "summary": {"covered_lines": 2, "num_statements": 3, "percent_covered": 66.66666666666667, "percent_covered_display": "67", "missing_lines": 1, "excluded_lines": 0, "percent_statements_covered": 66.66666666666667, "percent_statements_covered_display": "67"}, "missing_lines": [103], "excluded_lines": [], "start_line": 101}, "CVGraph.ring": {"executed_lines": [108, 110], "summary": {"covered_lines": 2, "num_statements": 3, "percent_covered": 66.66666666666667, "percent_covered_display": "67", "missing_lines": 1, "excluded_lines": 0, "percent_statements_covered": 66.66666666666667, "percent_statements_covered_display": "67"}, "missing_lines": [109], "excluded_lines": [], "start_line": 107}, "CVGraph.star": {"executed_lines": [114, 116], "summary": {"covered_lines": 2, "num_statements": 3, "percent_covered": 66.66666666666667, "percent_covered_display": "67", "missing_lines": 1, "excluded_lines": 0, "percent_statements_covered": 66.66666666666667, "percent_statements_covered_display": "67"}, "missing_lines": [115], "excluded_lines": [], "start_line": 113}, "CVGraph.rectangular": {"executed_lines": [120, 122], "summary": {"covered_lines": 2, "num_statements": 3, "percent_covered": 66.66666666666667, "percent_covered_display": "67", "missing_lines": 1, "excluded_lines": 0, "percent_statements_covered": 66.66666666666667, "percent_statements_covered_display": "67"}, "missing_lines": [121], "excluded_lines": [], "start_line": 119}, "CVGraph.square": {"executed_lines": [], "summary": {"covered_lines": 0, "num_statements": 1, "percent_covered": 0.0, "percent_covered_display": "0", "missing_lines": 1, "excluded_lines": 0, "percent_statements_covered": 0.0, "percent_statements_covered_display": "0"}, "missing_lines": [126], "excluded_lines": [], "start_line": 125}, "CVGraph.tree": {"executed_lines": [130, 132], "summary": {"covered_lines": 2, "num_statements": 3, "percent_covered": 66.66666666666667, "percent_covered_display": "67", "missing_lines": 1, "excluded_lines": 0, "percent_statements_covered": 66.66666666666667, "percent_statements_covered_display": "67"}, "missing_lines": [131], "excluded_lines": [], "start_line": 129}, "CVGraph.temporal": {"executed_lines": [], "summary": {"covered_lines": 0, "num_statements": 1, "percent_covered": 0.0, "percent_covered_display": "0", "missing_lines": 1, "excluded_lines": 0, "percent_statements_covered": 0.0, "percent_statements_covered_display": "0"}, "missing_lines": [137], "excluded_lines": [], "start_line": 135}, "CVGraph.dual_rail": {"executed_lines": [142], "summary": {"covered_lines": 1, "num_statements": 1, "percent_covered": 100.0, "percent_covered_display": "100", "missing_lines": 0, "excluded_lines": 0, "percent_statements_covered": 100.0, "percent_statements_covered_display": "100"}, "missing_lines": [], "excluded_lines": [], "start_line": 140}, "": {"executed_lines": [3, 5, 6, 8, 11, 12, 25, 26, 29, 30, 33, 52, 55, 64, 73, 80, 87, 88, 100, 101, 106, 107, 112, 113, 118, 119, 124, 125, 128, 129, 134, 135, 139, 140, 145], "summary": {"covered_lines": 35, "num_statements": 35, "percent_covered": 100.0, "percent_covered_display": "100", "missing_lines": 0, "excluded_lines": 0, "percent_statements_covered": 100.0, "percent_statements_covered_display": "100"}, "missing_lines": [], "excluded_lines": [], "start_line": 1}}, "classes": {"CVGraph": {"executed_lines": [13, 14, 15, 16, 17, 18, 19, 20, 21, 22, 23, 27, 34, 35, 36, 38, 39, 40, 41, 42, 46, 47, 48, 50, 53, 56, 58, 59, 60, 61, 62, 65, 66, 67, 68, 69, 70, 71, 74, 75, 76, 77, 78, 82, 83, 84, 85, 89, 90, 91, 92, 93, 94, 95, 97, 98, 102, 104, 108, 110, 114, 116, 120, 122, 130, 132, 142], "summary": {"covered_lines": 67, "num_statements": 80, "percent_covered": 83.75, "percent_covered_display": "84", "missing_lines": 13, "excluded_lines": 0, "percent_statements_covered": 83.75, "percent_statements_covered_display": "84"}, "missing_lines": [31, 37, 43, 49, 57, 96, 103, 109, 115, 121, 126, 131, 137], "excluded_lines": [], "start_line": 11}, "": {"executed_lines": [3, 5, 6, 8, 11, 12, 25, 26, 29, 30, 33, 52, 55, 64, 73, 80, 87, 88, 100, 101, 106, 107, 
[...]
ments": 6, "percent_covered": 100.0, "percent_covered_display": "100", "missing_lines": 0, "excluded_lines": 0, "percent_statements_covered": 100.0, "percent_statements_covered_display": "100"}, "missing_lines": [], "excluded_lines": [], "start_line": 90}, "loads": {"executed_lines": [116, 119, 120, 122, 124, 125, 126, 127, 128, 130, 131, 132, 133, 136], "summary": {"covered_lines": 14, "num_statements": 16, "percent_covered": 87.5, "percent_covered_display": "88", "missing_lines": 2, "excluded_lines": 0, "percent_statements_covered": 87.5, "percent_statements_covered_display": "88"}, "missing_lines": [121, 123], "excluded_lines": [], "start_line": 115}, "loads.invalid_constant": {"executed_lines": [], "summary": {"covered_lines": 0, "num_statements": 1, "percent_covered": 0.0, "percent_covered_display": "0", "missing_lines": 1, "excluded_lines": 0, "percent_statements_covered": 0.0, "percent_statements_covered_display": "0"}, "missing_lines": [117], "excluded_lines": [], "start_line": 116}, "": {"executed_lines": [3, 5, 6, 8, 10, 11, 12, 13, 15, 30, 57, 90, 115], "summary": {"covered_lines": 13, "num_statements": 13, "percent_covered": 100.0, "percent_covered_display": "100", "missing_lines": 0, "excluded_lines": 0, "percent_statements_covered": 100.0, "percent_statements_covered_display": "100"}, "missing_lines": [], "excluded_lines": [], "start_line": 1}}, "classes": {"": {"executed_lines": [3, 5, 6, 8, 10, 11, 12, 13, 15, 30, 31, 32, 33, 35, 37, 38, 40, 44, 45, 46, 48, 49, 50, 51, 52, 53, 57, 58, 59, 60, 61, 62, 63, 64, 66, 67, 68, 69, 70, 71, 72, 81, 82, 84, 86, 87, 90, 91, 92, 93, 94, 95, 102, 115, 116, 119, 120, 122, 124, 125, 126, 127, 128, 130, 131, 132, 133, 136], "summary": {"covered_lines": 68, "num_statements": 79, "percent_covered": 86.07594936708861, "percent_covered_display": "86", "missing_lines": 11, "excluded_lines": 0, "percent_statements_covered": 86.07594936708861, "percent_statements_covered_display": "86"}, "missing_lines": [34, 36, 39, 47, 54, 65, 83, 85, 117, 121, 123], "excluded_lines": [], "start_line": 1}}}, "src\\photographiq\\simulator.py": {"executed_lines": [3, 5, 6, 8, 10, 11, 24, 25, 26, 27, 30, 31, 32, 33, 34, 35, 36, 37, 40, 41, 42, 44, 45, 47, 49, 51, 52, 54, 55, 56, 57, 58, 59, 62, 63, 65, 66, 67, 68, 69, 70, 72, 73, 76, 92, 94, 95, 96, 97, 98, 99, 101, 102, 104, 105, 106, 111, 114, 116, 118, 119, 120, 121, 122, 123, 125, 126, 128, 130, 131, 132, 133, 135, 136, 137, 138, 139, 140, 142, 143, 144, 145, 146, 147, 148, 149, 150, 151, 152, 154, 155, 156, 157, 158, 159, 160, 161, 162, 163, 164, 165, 166, 167, 168, 169, 170, 175, 176, 177, 178, 179, 180, 181, 183, 184, 185, 187, 188, 189, 190, 191, 192, 193, 194, 196, 197, 198, 203, 204, 205, 206, 207, 210], "summary": {"covered_lines": 133, "num_statements": 141, "percent_covered": 94.32624113475177, "percent_covered_display": "94", "missing_lines": 8, "excluded_lines": 0, "percent_statements_covered": 94.32624113475177, "percent_statements_covered_display": "94"}, "missing_lines": [50, 53, 64, 100, 103, 115, 186, 195], "excluded_lines": [], "functions": {"ShotResult.values": {"executed_lines": [45], "summary": {"covered_lines": 1, "num_statements": 1, "percent_covered": 100.0, "percent_covered_display": "100", "missing_lines": 0, "excluded_lines": 0, "percent_statements_covered": 100.0, "percent_statements_covered_display": "100"}, "missing_lines": [], "excluded_lines": [], "start_line": 44}, "ShotResult.ensemble_state": {"executed_lines": [49, 51, 52, 54, 55, 56, 57, 58, 59], "summary": {"covered_lines": 9, "num_statements": 11, "percent_covered": 81.81818181818181, "percent_covered_display": "82", "missing_lines": 2, "excluded_lines": 0, "percent_statements_covered": 81.81818181818181, "percent_statements_covered_display": "82"}, "missing_lines": [50, 53], "excluded_lines": [], "start_line": 47}, "_backend": {"executed_lines": [63, 65, 66, 67, 68, 69, 70, 72, 73], "summary": {"covered_lines": 9, "num_statements": 10, "percent_covered": 90.0, "percent_covered_display": "90", "missing_lines": 1, "excluded_lines": 0, "percent_statements_covered": 90.0, "percent_statements_covered_display": "90"}, "missing_lines": [64], "excluded_lines": [], "start_line": 62}, "simulate": {"executed_lines": [92, 94, 95, 96, 97, 98, 99, 101, 102, 104, 105, 106, 111, 114, 116, 118, 119, 120, 121, 122, 123, 125, 128, 135, 142, 143, 144, 145, 146, 147, 148, 149, 150, 151, 152, 154, 155, 156, 157, 158, 159, 160, 161, 162, 163, 164, 165, 166, 167, 168, 169, 170, 175, 176, 177, 178, 179, 180, 181, 183, 184, 185, 187, 188, 189, 190, 191, 192, 193, 194, 196, 197, 198], "summary": {"covered_lines": 73, "num_statements": 78, "percent_covered": 93.58974358974359, "percent_covered_display": "94", "missing_lines": 5, "excluded_lines": 0, "percent_statements_covered": 93.58974358974359, "percent_statements_covered_display": "94"}, "missing_lines": [100, 103, 115, 186, 195], "excluded_lines": [], "start_line": 76}, "simulate.value": {"executed_lines": [126], "summary": {"covered_lines": 1, "num_statements": 1, "percent_covered": 100.0, "percent_covered_display": "100", "missing_lines": 0, "excluded_lines": 0, "percent_statements_covered": 100.0, "percent_statements_covered_display": "100"}, "missing_lines": [], "excluded_lines": [], "start_line": 125}, "simulate.flush": {"executed_lines": [130, 131, 132, 133], "summary": {"covered_lines": 4, "num_statements": 4, "percent_covered": 100.0, "percent_covered_display": "100", "missing_lines": 0, "excluded_lines": 0, "percent_statements_covered": 100.0, "percent_statements_covered_display": "100"}, "missing_lines": [], "excluded_lines": [], "start_line": 128}, "simulate.propagate": {"executed_lines": [136, 137, 138, 139, 140], "summary": {"covered_lines": 5, "num_statements": 5, "percent_covered": 100.0, "percent_covered_display": "100", "missing_lines": 0, "excluded_lines": 0, "percent_statements_covered": 100.0, "percent_statements_covered_display": "100"}, "missing_lines": [], "excluded_lines": [], "start_line": 135}, "run_shots": {"executed_lines": [204, 205, 206, 207], "summary": {"covered_lines": 4, "num_statements": 4, "percent_covered": 100.0, "percent_covered_display": "100", "missing_lines": 0, "excluded_lines": 0, "percent_statements_covered": 100.0, "percent_statements_covered_display": "100"}, "missing_lines": [], "excluded_lines": [], "start_line": 203}, "": {"executed_lines": [3, 5, 6, 8, 10, 11, 24, 25, 26, 27, 30, 31, 32, 33, 34, 35, 36, 37, 40, 41, 42, 44, 47, 62, 76, 203, 210], "summary": {"covered_lines": 27, "num_statements": 27, "percent_covered": 100.0, "percent_covered_display": "100", "missing_lines": 0, "excluded_lines": 0, "percent_statements_covered": 100.0, "percent_statements_covered_display": "100"}, "missing_lines": [], "excluded_lines": [], "start_line": 1}}, "classes": {"Result": {"executed_lines": [], "summary": {"covered_lines": 0, "num_statements": 0, "percent_covered": 100.0, "percent_covered_display": "100", "missing_lines": 0, "excluded_lines": 0, "percent_statements_covered": 100.0, "percent_statements_covered_display": "100"}, "missing_lines": [], "excluded_lines": [], "start_line": 31}, "ShotResult": {"executed_lines": [45, 49, 51, 52, 54, 55, 56, 57, 58, 59], "summary": {"covered_lines": 10, "num_statements": 12, "percent_covered": 83.33333333333333, "percent_covered_display": "83", "missing_lines": 2, "excluded_lines": 0, "percent_statements_covered": 83.33333333333333, "percent_statements_covered_display": "83"}, "missing_lines": [50, 53], "excluded_lines": [], "start_line": 41}, "": {"executed_lines": [3, 5, 6, 8, 10, 11, 24, 25, 26, 27, 30, 31, 32, 33, 34, 35, 36, 37, 40, 41, 42, 44, 47, 62, 63, 65, 66, 67, 68, 69, 70, 72, 73, 76, 92, 94, 95, 96, 97, 98, 99, 101, 102, 104, 105, 106, 111, 114, 116, 118, 119, 120, 121, 122, 123, 125, 126, 128, 130, 131, 132, 133, 135, 136, 137, 138, 139, 140, 142, 143, 144, 145, 146, 147, 148, 149, 150, 151, 152, 154, 155, 156, 157, 158, 159, 160, 161, 162, 163, 164, 165, 166, 167, 168, 169, 170, 175, 176, 177, 178, 179, 180, 181, 183, 184, 185, 187, 188, 189, 190, 191, 192, 193, 194, 196, 197, 198, 203, 204, 205, 206, 207, 210], "summary": {"covered_lines": 123, "num_statements": 129, "percent_covered": 95.34883720930233, "percent_covered_display": "95", "missing_lines": 6, "excluded_lines": 0, "percent_statements_covered": 95.34883720930233, "percent_statements_covered_display": "95"}, "missing_lines": [64, 100, 103, 115, 186, 195], "excluded_lines": [], "start_line": 1}}}, "src\\photographiq\\states.py": {"executed_lines": [3, 5, 7, 9, 12, 13, 14, 15, 16, 18, 19, 20, 21, 22, 24, 25, 26, 28, 30, 32, 33, 34, 35, 36, 38, 39, 41, 42, 43, 48, 50, 57, 61, 68, 81, 82, 83, 84, 86, 87, 89, 90, 91, 93, 94, 95, 96, 97, 100, 101, 104, 106, 107, 108, 116, 117, 118, 120, 122, 123, 124, 126, 128, 135, 136, 138, 140, 142, 143, 145, 147, 148, 150], "summary": {"covered_lines": 73, "num_statements": 93, "percent_covered": 78.49462365591398, "percent_covered_display": "78", "missing_lines": 20, "excluded_lines": 0, "percent_statements_covered": 78.49462365591398, "percent_statements_covered_display": "78"}, "missing_lines": [27, 29, 31, 51, 52, 53, 58, 59, 62, 63, 70, 71, 72, 73, 74, 114, 119, 127, 137, 149], "excluded_lines": [], "functions": {"GaussianState.__post_init__": {"executed_lines": [19, 20, 21, 22], "summary": {"covered_lines": 4, "num_statements": 4, "percent_covered": 100.0, "percent_covered_display": "100", "missing_lines": 0, "excluded_lines": 0, "percent_statements_covered": 100.0, "percent_statements_covered_display": "100"}, "missing_lines": [], "excluded_lines": [], "start_line": 18}, "GaussianState.validate": {"executed_lines": [25, 26, 28, 30, 32, 33, 34, 35, 36], "summary": {"covered_lines": 9, "num_statements": 12, "percent_covered": 75.0, "percent_covered_display": "75", "missing_lines": 3, "excluded_lines": 0, "percent_statements_covered": 75.0, "percent_statements_covered_display": "75"}, "missing_lines": [27, 29, 31], "excluded_lines": [], "start_line": 24}, "GaussianState.copy": {"executed_lines": [39], "summary": {"covered_lines": 1, "num_statements": 1, "percent_covered": 100.0, "percent_covered_display": "100", "missing_lines": 0, "excluded_lines": 0, "percent_statements_covered": 100.0, "percent_statements_covered_display": "100"}, "missing_lines": [], "excluded_lines": [], "start_line": 38}, "GaussianState.reduced": {"executed_lines": [42, 43, 48], "summary": {"covered_lines": 3, "num_statements": 3, "percent_covered": 100.0, "percent_covered_display": "100", "missing_lines": 0, "excluded_lines": 0, "percent_statements_covered": 100.0, "percent_statements_covered_display": "100"}, "missing_lines": [], "excluded_lines": [], "start_line": 41}, "GaussianState.quadrature": {"executed_lines": [], "summary": {"covered_lines": 0, "num_statements": 3, "percent_covered": 0.0, "percent_covered_display": "0", "missing_lines": 3, "excluded_lines": 0, "percent_statements_covered": 0.0, "percent_statements_covered_display": "0"}, "missing_lines": [51, 52, 53], "excluded_lines": [], "start_line": 50}, "GaussianState.photon_number": {"executed_lines": [], "summary": {"covered_lines": 0, "num_statements": 2, "percent_covered": 0.0, "percent_covered_display": "0", "missing_lines": 2, "excluded_lines": 0, "percent_statements_covered": 0.0, "percent_statements_covered_display": "0"}, "missing_lines": [58, 59], "excluded_lines": [], "start_line": 57}, "GaussianState.parity": {"executed_lines": [], "summary": {"covered_lines": 0, "num_statements": 2, "percent_covered": 0.0, "percent_covered_display": "0", "missing_lines": 2, "excluded_lines": 0, "percent_statements_covered": 0.0, "percent_statements_covered_display": "0"}, "missing_lines": [62, 63], "excluded_lines": [], "start_line": 61}, "GaussianState.overlap": {"executed_lines": [], "summary": {"covered_lines": 0, "num_statements": 5, "percent_covered": 0.0, "percent_covered_display": "0", "missing_lines": 5, "excluded_lines": 0, "percent_statements_covered": 0.0, "percent_statements_covered_display": "0"}, "missing_lines": [70, 71, 72, 73, 74], "excluded_lines": [], "start_line": 68}, "GaussianInput.state": {"executed_lines": [87], "summary": {"covered_lines": 1, "num_statements": 1, "percent_covered": 100.0, "percent_covered_display": "100", "missing_lines": 0, "excluded_lines": 0, "percent_statements_covered": 100.0, "percent_statements_covered_display": "100"}, "missing_lines": [], "excluded_lines": [], "start_line": 86}, "GaussianInput.coherent": {"executed_lines": [91], "summary": {"covered_lines": 1, "num_statements": 1, "percent_covered": 100.0, "percent_covered_display": "100", "missing_lines": 0, "excluded_lines": 0, "percent_statements_covered": 100.0, "percent_statements_covered_display": "100"}, "missing_lines": [], "excluded_lines": [], "start_line": 90}, "GaussianInput.squeezed": {"executed_lines": [95, 96, 97], "summary": {"covered_lines": 3, "num_statements": 3, "percent_covered": 100.0, "percent_covered_display": "100", "missing_lines": 0, "excluded_lines": 0, "percent_statements_covered": 100.0, "percent_statements_covered_display": "100"}, "missing_lines": [], "excluded_lines": [], "start_line": 94}, "FockInput.__post_init__": {"executed_lines": [107, 108], "summary": {"covered_lines": 2, "num_statements": 3, "percent_covered": 66.66666666666667, "percent_covered_display": "67", "missing_lines": 1, "excluded_lines": 0, "percent_statements_covered": 66.66666666666667, "percent_statements_covered_display": "67"}, "missing_lines": [114], "excluded_lines": [], "start_line": 106}, "FockInput.number": {"executed_lines": [118, 120], "summary": {"covered_lines": 2, "num_statements": 3, "percent_covered": 66.66666666666667, "percent_covered_display": "67", "missing_lines": 1, "excluded_lines": 0, "percent_statements_covered": 66.66666666666667, "percent_statements_covered_display": "67"}, "missing_lines": [119], "excluded_lines": [], "start_line": 117}, "FockInput.cat": {"executed_lines": [124, 126, 128, 135, 136, 138], "summary": {"covered_lines": 6, "num_statements": 8, "percent_covered": 75.0, "percent_covered_display": "75", "missing_lines": 2, "excluded_lines": 0, "percent_statements_covered": 75.0, "percent_statements_covered_display": "75"}, "missing_lines": [127, 137], "excluded_lines": [], "start_line": 123}, "FockInput.photon_added": {"executed_lines": [142, 143], "summary": {"covered_lines": 2, "num_statements": 2, "percent_covered": 100.0, "percent_covered_display": "100", "missing_lines": 0, "excluded_lines": 0, "percent_statements_covered": 100.0, "percent_statements_covered_display": "100"}, "missing_lines": [], "excluded_lines": [], "start_line": 140}, "FockInput.photon_subtracted": {"executed_lines": [147, 148, 150], "summary": {"covered_lines": 3, "num_statements": 4, "percent_covered": 75.0, "percent_covered_display": "75", "missing_lines": 1, "excluded_lines": 0, "percent_statements_covered": 75.0, "percent_statements_covered_display": "75"}, "missing_lines": [149], "excluded_lines": [], "start_line": 145}, "": {"executed_lines": [3, 5, 7, 9, 12, 13, 14, 15, 16, 18, 24, 38, 41, 50, 57, 61, 68, 81, 82, 83, 84, 86, 89, 90, 93, 94, 100, 101, 104, 106, 116, 117, 122, 123, 140, 145], "summary": {"covered_lines": 36, "num_statements": 36, "percent_covered": 100.0, "percent_covered_display": "100", "missing_lines": 0, "excluded_lines": 0, "percent_statements_covered": 100.0, "percent_statements_covered_display": "100"}, "missing_lines": [], "excluded_lines": [], "start_line": 1}}, "classes": {"GaussianState": {"executed_lines": [19, 20, 21, 22, 25, 26, 28, 30, 32, 33, 34, 35, 36, 39, 42, 43, 48], "summary": {"covered_lines": 17, "num_statements": 32, "percent_covered": 53.125, "percent_covered_display": "53", "missing_lines": 15, "excluded_lines": 0, "percent_statements_covered": 53.125, "percent_statements_covered_display": "53"}, "missing_lines": [27, 29, 31, 51, 52, 53, 58, 59, 62, 63, 70, 71, 72, 73, 74], "excluded_lines": [], "start_line": 13}, "GaussianInput": {"executed_lines": [87, 91, 95, 96, 97], "summary": {"covered_lines": 5, "num_statements": 5, "percent_covered": 100.0, "percent_covered_display": "100", "missing_lines": 0, "excluded_lines": 0, "percent_statements_covered": 100.0, "percent_statements_covered_display": "100"}, "missing_lines": [], "excluded_lines": [], "start_line": 82}, "FockInput": {"executed_lines": [107, 108, 118, 120, 124, 126, 128, 135, 136, 138, 142, 143, 147, 148, 150], "summary": {"covered_lines": 15, "num_statements": 20, "percent_covered": 75.0, "percent_covered_display": "75", "missing_lines": 5, "excluded_lines": 0, "percent_statements_covered": 75.0, "percent_statements_covered_display": "75"}, "missing_lines": [114, 119, 127, 137, 149], "excluded_lines": [], "start_line": 101}, "": {"executed_lines": [3, 5, 7, 9, 12, 13, 14, 15, 16, 18, 24, 38, 41, 50, 57, 61, 68, 81, 82, 83, 84, 86, 89, 90, 93, 94, 100, 101, 104, 106, 116, 117, 122, 123, 140, 145], "summary": {"covered_lines": 36, "num_statements": 36, "percent_covered": 100.0, "percent_covered_display": "100", "missing_lines": 0, "excluded_lines": 0, "percent_statements_covered": 100.0, "percent_statements_covered_display": "100"}, "missing_lines": [], "excluded_lines": [], "start_line": 1}}}, "src\\photographiq\\visualization.py": {"executed_lines": [3, 5, 8, 9, 11, 12, 13, 14, 18, 19, 28, 35, 36, 39, 40, 41, 42, 43, 44, 47, 48, 49, 50, 53, 54, 56, 57, 58, 59, 60, 61, 62, 63, 64, 74, 75, 76], "summary": {"covered_lines": 37, "num_statements": 37, "percent_covered": 100.0, "percent_covered_display": "100", "missing_lines": 0, "excluded_lines": 0, "percent_statements_covered": 100.0, "percent_statements_covered_display": "100"}, "missing_lines": [], "excluded_lines": [], "functions": {"draw_graph": {"executed_lines": [9, 11, 12, 13, 14, 18, 19, 28, 35, 36], "summary": {"covered_lines": 10, "num_statements": 10, "percent_covered": 100.0, "percent_covered_display": "100", "missing_lines": 0, "excluded_lines": 0, "percent_statements_covered": 100.0, "percent_statements_covered_display": "100"}, "missing_lines": [], "excluded_lines": [], "start_line": 8}, "draw_pattern": {"executed_lines": [40, 41, 42, 43, 44, 47, 48, 49, 50], "summary": {"covered_lines": 9, "num_statements": 9, "percent_covered": 100.0, "percent_covered_display": "100", "missing_lines": 0, "excluded_lines": 0, "percent_statements_covered": 100.0, "percent_statements_covered_display": "100"}, "missing_lines": [], "excluded_lines": [], "start_line": 39}, "draw_dependencies": {"executed_lines": [54, 56, 57, 58, 59, 60, 61, 62, 63, 64, 74, 75, 76], "summary": {"covered_lines": 13, "num_statements": 13, "percent_covered": 100.0, "percent_covered_display": "100", "missing_lines": 0, "excluded_lines": 0, "percent_statements_covered": 100.0, "percent_statements_covered_display": "100"}, "missing_lines": [], "excluded_lines": [], "start_line": 53}, "": {"executed_lines": [3, 5, 8, 39, 53], "summary": {"covered_lines": 5, "num_statements": 5, "percent_covered": 100.0, "percent_covered_display": "100", "missing_lines": 0, "excluded_lines": 0, "percent_statements_covered": 100.0, "percent_statements_covered_display": "100"}, "missing_lines": [], "excluded_lines": [], "start_line": 1}}, "classes": {"": {"executed_lines": [3, 5, 8, 9, 11, 12, 13, 14, 18, 19, 28, 35, 36, 39, 40, 41, 42, 43, 44, 47, 48, 49, 50, 53, 54, 56, 57, 58, 59, 60, 61, 62, 63, 64, 74, 75, 76], "summary": {"covered_lines": 37, "num_statements": 37, "percent_covered": 100.0, "percent_covered_display": "100", "missing_lines": 0, "excluded_lines": 0, "percent_statements_covered": 100.0, "percent_statements_covered_display": "100"}, "missing_lines": [], "excluded_lines": [], "start_line": 1}}}}, "totals": {"covered_lines": 1301, "num_statements": 1463, "percent_covered": 88.92686261107313, "percent_covered_display": "89", "missing_lines": 162, "excluded_lines": 19, "percent_statements_covered": 88.92686261107313, "percent_statements_covered_display": "89"}}